{"/Users/axetroy/gpm/github.com/axetroy/vm/build/src/vm.js":{"path":"/Users/axetroy/gpm/github.com/axetroy/vm/build/src/vm.js","statementMap":{"0":{"start":{"line":2,"column":0},"end":{"line":2,"column":62}},"1":{"start":{"line":3,"column":16},"end":{"line":3,"column":36}},"2":{"start":{"line":4,"column":14},"end":{"line":4,"column":32}},"3":{"start":{"line":5,"column":19},"end":{"line":5,"column":40}},"4":{"start":{"line":6,"column":17},"end":{"line":6,"column":38}},"5":{"start":{"line":7,"column":24},"end":{"line":36,"column":3}},"6":{"start":{"line":10,"column":4},"end":{"line":13,"column":6}},"7":{"start":{"line":11,"column":8},"end":{"line":11,"column":49}},"8":{"start":{"line":11,"column":34},"end":{"line":11,"column":47}},"9":{"start":{"line":12,"column":8},"end":{"line":12,"column":46}},"10":{"start":{"line":14,"column":4},"end":{"line":34,"column":6}},"11":{"start":{"line":15,"column":20},"end":{"line":15,"column":46}},"12":{"start":{"line":16,"column":8},"end":{"line":16,"column":35}},"13":{"start":{"line":17,"column":8},"end":{"line":21,"column":9}},"14":{"start":{"line":18,"column":12},"end":{"line":20,"column":13}},"15":{"start":{"line":19,"column":16},"end":{"line":19,"column":50}},"16":{"start":{"line":23,"column":23},"end":{"line":23,"column":25}},"17":{"start":{"line":24,"column":22},"end":{"line":24,"column":43}},"18":{"start":{"line":25,"column":8},"end":{"line":25,"column":40}},"19":{"start":{"line":26,"column":8},"end":{"line":26,"column":42}},"20":{"start":{"line":27,"column":18},"end":{"line":29,"column":14}},"21":{"start":{"line":30,"column":8},"end":{"line":30,"column":46}},"22":{"start":{"line":32,"column":25},"end":{"line":32,"column":46}},"23":{"start":{"line":33,"column":8},"end":{"line":33,"column":61}},"24":{"start":{"line":35,"column":4},"end":{"line":35,"column":14}},"25":{"start":{"line":37,"column":0},"end":{"line":37,"column":27}}},"fnMap":{"0":{"name":"(anonymous_0)","decl":{"start":{"line":7,"column":24},"end":{"line":7,"column":25}},"loc":{"start":{"line":7,"column":36},"end":{"line":36,"column":1}},"line":7},"1":{"name":"Vm","decl":{"start":{"line":8,"column":13},"end":{"line":8,"column":15}},"loc":{"start":{"line":8,"column":18},"end":{"line":9,"column":5}},"line":8},"2":{"name":"(anonymous_2)","decl":{"start":{"line":10,"column":33},"end":{"line":10,"column":34}},"loc":{"start":{"line":10,"column":52},"end":{"line":13,"column":5}},"line":10},"3":{"name":"(anonymous_3)","decl":{"start":{"line":14,"column":32},"end":{"line":14,"column":33}},"loc":{"start":{"line":14,"column":57},"end":{"line":34,"column":5}},"line":14}},"branchMap":{"0":{"loc":{"start":{"line":11,"column":8},"end":{"line":11,"column":49}},"type":"if","locations":[{"start":{"line":11,"column":8},"end":{"line":11,"column":49}},{"start":{"line":11,"column":8},"end":{"line":11,"column":49}}],"line":11},"1":{"loc":{"start":{"line":18,"column":12},"end":{"line":20,"column":13}},"type":"if","locations":[{"start":{"line":18,"column":12},"end":{"line":20,"column":13}},{"start":{"line":18,"column":12},"end":{"line":20,"column":13}}],"line":18},"2":{"loc":{"start":{"line":30,"column":8},"end":{"line":30,"column":45}},"type":"binary-expr","locations":[{"start":{"line":30,"column":8},"end":{"line":30,"column":11}},{"start":{"line":30,"column":15},"end":{"line":30,"column":45}}],"line":30},"3":{"loc":{"start":{"line":33,"column":15},"end":{"line":33,"column":60}},"type":"cond-expr","locations":[{"start":{"line":33,"column":28},"end":{"line":33,"column":53}},{"start":{"line":33,"column":56},"end":{"line":33,"column":60}}],"line":33}},"s":{"0":1,"1":1,"2":1,"3":1,"4":1,"5":1,"6":1,"7":2,"8":0,"9":2,"10":1,"11":2,"12":2,"13":2,"14":68,"15":68,"16":2,"17":2,"18":2,"19":2,"20":2,"21":2,"22":2,"23":2,"24":1,"25":1},"f":{"0":1,"1":1,"2":2,"3":2},"b":{"0":[0,2],"1":[68,0],"2":[2,2],"3":[2,0]},"_coverageSchema":"332fd63041d2c1bcb487cc26dd0d5f7d97098a6c","hash":"0d1fe1aef6812266ced869ace0ca0ba040b832cd","contentHash":"1e6a5536c9edd8c377509795ae42d972_11.4.1"},"/Users/axetroy/gpm/github.com/axetroy/vm/build/src/context.js":{"path":"/Users/axetroy/gpm/github.com/axetroy/vm/build/src/context.js","statementMap":{"0":{"start":{"line":2,"column":0},"end":{"line":2,"column":62}},"1":{"start":{"line":3,"column":21},"end":{"line":38,"column":1}},"2":{"start":{"line":39,"column":29},"end":{"line":48,"column":3}},"3":{"start":{"line":41,"column":8},"end":{"line":41,"column":65}},"4":{"start":{"line":41,"column":42},"end":{"line":41,"column":63}},"5":{"start":{"line":42,"column":18},"end":{"line":42,"column":64}},"6":{"start":{"line":43,"column":8},"end":{"line":45,"column":9}},"7":{"start":{"line":44,"column":12},"end":{"line":44,"column":35}},"8":{"start":{"line":47,"column":4},"end":{"line":47,"column":19}},"9":{"start":{"line":49,"column":0},"end":{"line":49,"column":26}}},"fnMap":{"0":{"name":"(anonymous_0)","decl":{"start":{"line":39,"column":29},"end":{"line":39,"column":30}},"loc":{"start":{"line":39,"column":41},"end":{"line":48,"column":1}},"line":39},"1":{"name":"Context","decl":{"start":{"line":40,"column":13},"end":{"line":40,"column":20}},"loc":{"start":{"line":40,"column":38},"end":{"line":46,"column":5}},"line":40}},"branchMap":{"0":{"loc":{"start":{"line":41,"column":8},"end":{"line":41,"column":65}},"type":"if","locations":[{"start":{"line":41,"column":8},"end":{"line":41,"column":65}},{"start":{"line":41,"column":8},"end":{"line":41,"column":65}}],"line":41}},"s":{"0":1,"1":1,"2":1,"3":2,"4":0,"5":2,"6":2,"7":68,"8":1,"9":1},"f":{"0":1,"1":2},"b":{"0":[0,2]},"_coverageSchema":"332fd63041d2c1bcb487cc26dd0d5f7d97098a6c","hash":"d95c4388dab15c12938639cbdd6ef47e3849d356","contentHash":"21e8609da41e521a4db20e4b9a76bb26_11.4.1"},"/Users/axetroy/gpm/github.com/axetroy/vm/build/src/scope.js":{"path":"/Users/axetroy/gpm/github.com/axetroy/vm/build/src/scope.js","statementMap":{"0":{"start":{"line":2,"column":0},"end":{"line":2,"column":62}},"1":{"start":{"line":3,"column":30},"end":{"line":21,"column":3}},"2":{"start":{"line":5,"column":8},"end":{"line":5,"column":27}},"3":{"start":{"line":6,"column":8},"end":{"line":6,"column":25}},"4":{"start":{"line":8,"column":4},"end":{"line":16,"column":6}},"5":{"start":{"line":9,"column":8},"end":{"line":15,"column":9}},"6":{"start":{"line":10,"column":12},"end":{"line":10,"column":25}},"7":{"start":{"line":13,"column":12},"end":{"line":13,"column":31}},"8":{"start":{"line":14,"column":12},"end":{"line":14,"column":24}},"9":{"start":{"line":17,"column":4},"end":{"line":19,"column":6}},"10":{"start":{"line":18,"column":8},"end":{"line":18,"column":26}},"11":{"start":{"line":20,"column":4},"end":{"line":20,"column":20}},"12":{"start":{"line":22,"column":0},"end":{"line":22,"column":28}},"13":{"start":{"line":23,"column":29},"end":{"line":39,"column":3}},"14":{"start":{"line":25,"column":8},"end":{"line":25,"column":29}},"15":{"start":{"line":26,"column":8},"end":{"line":26,"column":33}},"16":{"start":{"line":28,"column":4},"end":{"line":31,"column":6}},"17":{"start":{"line":29,"column":8},"end":{"line":29,"column":43}},"18":{"start":{"line":30,"column":8},"end":{"line":30,"column":20}},"19":{"start":{"line":32,"column":4},"end":{"line":34,"column":6}},"20":{"start":{"line":33,"column":8},"end":{"line":33,"column":42}},"21":{"start":{"line":35,"column":4},"end":{"line":37,"column":6}},"22":{"start":{"line":36,"column":8},"end":{"line":36,"column":42}},"23":{"start":{"line":38,"column":4},"end":{"line":38,"column":19}},"24":{"start":{"line":40,"column":0},"end":{"line":40,"column":26}},"25":{"start":{"line":41,"column":27},"end":{"line":102,"column":3}},"26":{"start":{"line":43,"column":8},"end":{"line":43,"column":26}},"27":{"start":{"line":44,"column":8},"end":{"line":44,"column":25}},"28":{"start":{"line":45,"column":8},"end":{"line":45,"column":37}},"29":{"start":{"line":46,"column":8},"end":{"line":46,"column":26}},"30":{"start":{"line":47,"column":8},"end":{"line":47,"column":31}},"31":{"start":{"line":49,"column":4},"end":{"line":60,"column":6}},"32":{"start":{"line":50,"column":19},"end":{"line":50,"column":41}},"33":{"start":{"line":51,"column":8},"end":{"line":59,"column":9}},"34":{"start":{"line":52,"column":12},"end":{"line":52,"column":38}},"35":{"start":{"line":54,"column":13},"end":{"line":59,"column":9}},"36":{"start":{"line":55,"column":12},"end":{"line":55,"column":47}},"37":{"start":{"line":58,"column":12},"end":{"line":58,"column":24}},"38":{"start":{"line":61,"column":4},"end":{"line":71,"column":6}},"39":{"start":{"line":62,"column":19},"end":{"line":62,"column":41}},"40":{"start":{"line":63,"column":19},"end":{"line":63,"column":37}},"41":{"start":{"line":64,"column":8},"end":{"line":70,"column":9}},"42":{"start":{"line":65,"column":12},"end":{"line":65,"column":60}},"43":{"start":{"line":66,"column":12},"end":{"line":66,"column":24}},"44":{"start":{"line":69,"column":12},"end":{"line":69,"column":25}},"45":{"start":{"line":72,"column":4},"end":{"line":82,"column":6}},"46":{"start":{"line":73,"column":19},"end":{"line":73,"column":41}},"47":{"start":{"line":74,"column":19},"end":{"line":74,"column":37}},"48":{"start":{"line":75,"column":8},"end":{"line":81,"column":9}},"49":{"start":{"line":76,"column":12},"end":{"line":76,"column":62}},"50":{"start":{"line":77,"column":12},"end":{"line":77,"column":24}},"51":{"start":{"line":80,"column":12},"end":{"line":80,"column":25}},"52":{"start":{"line":83,"column":4},"end":{"line":92,"column":6}},"53":{"start":{"line":84,"column":19},"end":{"line":84,"column":41}},"54":{"start":{"line":85,"column":20},"end":{"line":85,"column":24}},"55":{"start":{"line":86,"column":8},"end":{"line":88,"column":9}},"56":{"start":{"line":87,"column":12},"end":{"line":87,"column":33}},"57":{"start":{"line":89,"column":19},"end":{"line":89,"column":38}},"58":{"start":{"line":90,"column":8},"end":{"line":90,"column":56}},"59":{"start":{"line":91,"column":8},"end":{"line":91,"column":20}},"60":{"start":{"line":93,"column":4},"end":{"line":100,"column":6}},"61":{"start":{"line":94,"column":20},"end":{"line":94,"column":24}},"62":{"start":{"line":95,"column":8},"end":{"line":99,"column":18}},"63":{"start":{"line":96,"column":31},"end":{"line":96,"column":66}},"64":{"start":{"line":97,"column":31},"end":{"line":97,"column":66}},"65":{"start":{"line":98,"column":33},"end":{"line":98,"column":70}},"66":{"start":{"line":101,"column":4},"end":{"line":101,"column":17}},"67":{"start":{"line":103,"column":0},"end":{"line":103,"column":22}}},"fnMap":{"0":{"name":"(anonymous_0)","decl":{"start":{"line":3,"column":30},"end":{"line":3,"column":31}},"loc":{"start":{"line":3,"column":42},"end":{"line":21,"column":1}},"line":3},"1":{"name":"ScopeVar","decl":{"start":{"line":4,"column":13},"end":{"line":4,"column":21}},"loc":{"start":{"line":4,"column":35},"end":{"line":7,"column":5}},"line":4},"2":{"name":"(anonymous_2)","decl":{"start":{"line":8,"column":30},"end":{"line":8,"column":31}},"loc":{"start":{"line":8,"column":47},"end":{"line":16,"column":5}},"line":8},"3":{"name":"(anonymous_3)","decl":{"start":{"line":17,"column":30},"end":{"line":17,"column":31}},"loc":{"start":{"line":17,"column":42},"end":{"line":19,"column":5}},"line":17},"4":{"name":"(anonymous_4)","decl":{"start":{"line":23,"column":29},"end":{"line":23,"column":30}},"loc":{"start":{"line":23,"column":41},"end":{"line":39,"column":1}},"line":23},"5":{"name":"PropVar","decl":{"start":{"line":24,"column":13},"end":{"line":24,"column":20}},"loc":{"start":{"line":24,"column":39},"end":{"line":27,"column":5}},"line":24},"6":{"name":"(anonymous_6)","decl":{"start":{"line":28,"column":29},"end":{"line":28,"column":30}},"loc":{"start":{"line":28,"column":46},"end":{"line":31,"column":5}},"line":28},"7":{"name":"(anonymous_7)","decl":{"start":{"line":32,"column":29},"end":{"line":32,"column":30}},"loc":{"start":{"line":32,"column":41},"end":{"line":34,"column":5}},"line":32},"8":{"name":"(anonymous_8)","decl":{"start":{"line":35,"column":32},"end":{"line":35,"column":33}},"loc":{"start":{"line":35,"column":44},"end":{"line":37,"column":5}},"line":35},"9":{"name":"(anonymous_9)","decl":{"start":{"line":41,"column":27},"end":{"line":41,"column":28}},"loc":{"start":{"line":41,"column":39},"end":{"line":102,"column":1}},"line":41},"10":{"name":"Scope","decl":{"start":{"line":42,"column":13},"end":{"line":42,"column":18}},"loc":{"start":{"line":42,"column":40},"end":{"line":48,"column":5}},"line":42},"11":{"name":"(anonymous_11)","decl":{"start":{"line":49,"column":28},"end":{"line":49,"column":29}},"loc":{"start":{"line":49,"column":48},"end":{"line":60,"column":5}},"line":49},"12":{"name":"(anonymous_12)","decl":{"start":{"line":61,"column":27},"end":{"line":61,"column":28}},"loc":{"start":{"line":61,"column":54},"end":{"line":71,"column":5}},"line":61},"13":{"name":"(anonymous_13)","decl":{"start":{"line":72,"column":29},"end":{"line":72,"column":30}},"loc":{"start":{"line":72,"column":56},"end":{"line":82,"column":5}},"line":72},"14":{"name":"(anonymous_14)","decl":{"start":{"line":83,"column":27},"end":{"line":83,"column":28}},"loc":{"start":{"line":83,"column":54},"end":{"line":92,"column":5}},"line":83},"15":{"name":"(anonymous_15)","decl":{"start":{"line":93,"column":30},"end":{"line":93,"column":31}},"loc":{"start":{"line":93,"column":63},"end":{"line":100,"column":5}},"line":93},"16":{"name":"(anonymous_16)","decl":{"start":{"line":96,"column":17},"end":{"line":96,"column":18}},"loc":{"start":{"line":96,"column":29},"end":{"line":96,"column":68}},"line":96},"17":{"name":"(anonymous_17)","decl":{"start":{"line":97,"column":17},"end":{"line":97,"column":18}},"loc":{"start":{"line":97,"column":29},"end":{"line":97,"column":68}},"line":97},"18":{"name":"(anonymous_18)","decl":{"start":{"line":98,"column":19},"end":{"line":98,"column":20}},"loc":{"start":{"line":98,"column":31},"end":{"line":98,"column":72}},"line":98}},"branchMap":{"0":{"loc":{"start":{"line":9,"column":8},"end":{"line":15,"column":9}},"type":"if","locations":[{"start":{"line":9,"column":8},"end":{"line":15,"column":9}},{"start":{"line":9,"column":8},"end":{"line":15,"column":9}}],"line":9},"1":{"loc":{"start":{"line":45,"column":22},"end":{"line":45,"column":36}},"type":"binary-expr","locations":[{"start":{"line":45,"column":22},"end":{"line":45,"column":28}},{"start":{"line":45,"column":32},"end":{"line":45,"column":36}}],"line":45},"2":{"loc":{"start":{"line":51,"column":8},"end":{"line":59,"column":9}},"type":"if","locations":[{"start":{"line":51,"column":8},"end":{"line":59,"column":9}},{"start":{"line":51,"column":8},"end":{"line":59,"column":9}}],"line":51},"3":{"loc":{"start":{"line":54,"column":13},"end":{"line":59,"column":9}},"type":"if","locations":[{"start":{"line":54,"column":13},"end":{"line":59,"column":9}},{"start":{"line":54,"column":13},"end":{"line":59,"column":9}}],"line":54},"4":{"loc":{"start":{"line":64,"column":8},"end":{"line":70,"column":9}},"type":"if","locations":[{"start":{"line":64,"column":8},"end":{"line":70,"column":9}},{"start":{"line":64,"column":8},"end":{"line":70,"column":9}}],"line":64},"5":{"loc":{"start":{"line":75,"column":8},"end":{"line":81,"column":9}},"type":"if","locations":[{"start":{"line":75,"column":8},"end":{"line":81,"column":9}},{"start":{"line":75,"column":8},"end":{"line":81,"column":9}}],"line":75},"6":{"loc":{"start":{"line":86,"column":15},"end":{"line":86,"column":65}},"type":"binary-expr","locations":[{"start":{"line":86,"column":15},"end":{"line":86,"column":36}},{"start":{"line":86,"column":40},"end":{"line":86,"column":65}}],"line":86}},"s":{"0":1,"1":1,"2":94,"3":94,"4":1,"5":0,"6":0,"7":0,"8":0,"9":1,"10":14,"11":1,"12":1,"13":1,"14":0,"15":0,"16":1,"17":0,"18":0,"19":1,"20":0,"21":1,"22":0,"23":1,"24":1,"25":1,"26":14,"27":14,"28":14,"29":14,"30":14,"31":1,"32":19,"33":19,"34":14,"35":5,"36":5,"37":0,"38":1,"39":0,"40":0,"41":0,"42":0,"43":0,"44":0,"45":1,"46":92,"47":92,"48":92,"49":92,"50":92,"51":0,"52":1,"53":2,"54":2,"55":2,"56":0,"57":2,"58":2,"59":2,"60":1,"61":0,"62":0,"63":0,"64":0,"65":0,"66":1,"67":1},"f":{"0":1,"1":94,"2":0,"3":14,"4":1,"5":0,"6":0,"7":0,"8":0,"9":1,"10":14,"11":19,"12":0,"13":92,"14":2,"15":0,"16":0,"17":0,"18":0},"b":{"0":[0,0],"1":[14,2],"2":[14,5],"3":[5,0],"4":[0,0],"5":[92,0],"6":[2,0]},"_coverageSchema":"332fd63041d2c1bcb487cc26dd0d5f7d97098a6c","hash":"af6c1d52d25a3736506505db3b12564f5b32570e","contentHash":"e4a6bbc427c4e12b618af4d99b8adb31_11.4.1"},"/Users/axetroy/gpm/github.com/axetroy/vm/build/src/evaluate.js":{"path":"/Users/axetroy/gpm/github.com/axetroy/vm/build/src/evaluate.js","statementMap":{"0":{"start":{"line":2,"column":0},"end":{"line":2,"column":62}},"1":{"start":{"line":3,"column":19},"end":{"line":3,"column":40}},"2":{"start":{"line":4,"column":14},"end":{"line":4,"column":32}},"3":{"start":{"line":5,"column":14},"end":{"line":5,"column":32}},"4":{"start":{"line":6,"column":16},"end":{"line":6,"column":36}},"5":{"start":{"line":7,"column":19},"end":{"line":7,"column":21}},"6":{"start":{"line":8,"column":22},"end":{"line":8,"column":24}},"7":{"start":{"line":9,"column":20},"end":{"line":9,"column":41}},"8":{"start":{"line":10,"column":19},"end":{"line":682,"column":1}},"9":{"start":{"line":12,"column":8},"end":{"line":12,"column":38}},"10":{"start":{"line":16,"column":8},"end":{"line":29,"column":9}},"11":{"start":{"line":17,"column":23},"end":{"line":17,"column":29}},"12":{"start":{"line":18,"column":12},"end":{"line":28,"column":13}},"13":{"start":{"line":19,"column":16},"end":{"line":19,"column":38}},"14":{"start":{"line":21,"column":17},"end":{"line":28,"column":13}},"15":{"start":{"line":22,"column":16},"end":{"line":27,"column":17}},"16":{"start":{"line":23,"column":38},"end":{"line":23,"column":44}},"17":{"start":{"line":24,"column":20},"end":{"line":26,"column":21}},"18":{"start":{"line":25,"column":24},"end":{"line":25,"column":67}},"19":{"start":{"line":30,"column":8},"end":{"line":35,"column":9}},"20":{"start":{"line":31,"column":23},"end":{"line":31,"column":29}},"21":{"start":{"line":32,"column":12},"end":{"line":34,"column":13}},"22":{"start":{"line":33,"column":16},"end":{"line":33,"column":38}},"23":{"start":{"line":38,"column":8},"end":{"line":40,"column":9}},"24":{"start":{"line":39,"column":12},"end":{"line":39,"column":29}},"25":{"start":{"line":41,"column":19},"end":{"line":41,"column":41}},"26":{"start":{"line":42,"column":8},"end":{"line":48,"column":9}},"27":{"start":{"line":43,"column":12},"end":{"line":43,"column":31}},"28":{"start":{"line":47,"column":12},"end":{"line":47,"column":55}},"29":{"start":{"line":51,"column":8},"end":{"line":51,"column":52}},"30":{"start":{"line":54,"column":8},"end":{"line":54,"column":26}},"31":{"start":{"line":57,"column":8},"end":{"line":57,"column":26}},"32":{"start":{"line":60,"column":8},"end":{"line":60,"column":26}},"33":{"start":{"line":63,"column":8},"end":{"line":68,"column":9}},"34":{"start":{"line":64,"column":12},"end":{"line":64,"column":52}},"35":{"start":{"line":66,"column":13},"end":{"line":68,"column":9}},"36":{"start":{"line":67,"column":12},"end":{"line":67,"column":51}},"37":{"start":{"line":72,"column":25},"end":{"line":72,"column":38}},"38":{"start":{"line":74,"column":8},"end":{"line":87,"column":9}},"39":{"start":{"line":75,"column":23},"end":{"line":75,"column":29}},"40":{"start":{"line":76,"column":12},"end":{"line":86,"column":13}},"41":{"start":{"line":77,"column":16},"end":{"line":77,"column":38}},"42":{"start":{"line":79,"column":17},"end":{"line":86,"column":13}},"43":{"start":{"line":80,"column":16},"end":{"line":85,"column":17}},"44":{"start":{"line":81,"column":38},"end":{"line":81,"column":44}},"45":{"start":{"line":82,"column":20},"end":{"line":84,"column":21}},"46":{"start":{"line":83,"column":24},"end":{"line":83,"column":67}},"47":{"start":{"line":88,"column":24},"end":{"line":88,"column":83}},"48":{"start":{"line":89,"column":8},"end":{"line":97,"column":9}},"49":{"start":{"line":90,"column":23},"end":{"line":90,"column":29}},"50":{"start":{"line":91,"column":25},"end":{"line":91,"column":78}},"51":{"start":{"line":92,"column":12},"end":{"line":96,"column":13}},"52":{"start":{"line":95,"column":16},"end":{"line":95,"column":30}},"53":{"start":{"line":100,"column":8},"end":{"line":100,"column":48}},"54":{"start":{"line":103,"column":8},"end":{"line":103,"column":17}},"55":{"start":{"line":106,"column":8},"end":{"line":106,"column":42}},"56":{"start":{"line":109,"column":8},"end":{"line":109,"column":28}},"57":{"start":{"line":112,"column":8},"end":{"line":112,"column":31}},"58":{"start":{"line":115,"column":25},"end":{"line":115,"column":38}},"59":{"start":{"line":116,"column":8},"end":{"line":118,"column":24}},"60":{"start":{"line":119,"column":8},"end":{"line":119,"column":29}},"61":{"start":{"line":122,"column":19},"end":{"line":122,"column":28}},"62":{"start":{"line":123,"column":8},"end":{"line":132,"column":9}},"63":{"start":{"line":124,"column":28},"end":{"line":124,"column":34}},"64":{"start":{"line":125,"column":23},"end":{"line":125,"column":40}},"65":{"start":{"line":126,"column":24},"end":{"line":128,"column":27}},"66":{"start":{"line":129,"column":12},"end":{"line":131,"column":13}},"67":{"start":{"line":130,"column":16},"end":{"line":130,"column":87}},"68":{"start":{"line":135,"column":22},"end":{"line":135,"column":34}},"69":{"start":{"line":136,"column":8},"end":{"line":138,"column":9}},"70":{"start":{"line":137,"column":12},"end":{"line":137,"column":81}},"71":{"start":{"line":141,"column":8},"end":{"line":148,"column":9}},"72":{"start":{"line":144,"column":23},"end":{"line":144,"column":67}},"73":{"start":{"line":145,"column":28},"end":{"line":145,"column":40}},"74":{"start":{"line":147,"column":12},"end":{"line":147,"column":40}},"75":{"start":{"line":151,"column":25},"end":{"line":151,"column":38}},"76":{"start":{"line":152,"column":8},"end":{"line":152,"column":69}},"77":{"start":{"line":155,"column":8},"end":{"line":166,"column":9}},"78":{"start":{"line":156,"column":25},"end":{"line":156,"column":55}},"79":{"start":{"line":157,"column":12},"end":{"line":165,"column":13}},"80":{"start":{"line":158,"column":16},"end":{"line":158,"column":22}},"81":{"start":{"line":160,"column":17},"end":{"line":165,"column":13}},"82":{"start":{"line":161,"column":16},"end":{"line":161,"column":25}},"83":{"start":{"line":163,"column":17},"end":{"line":165,"column":13}},"84":{"start":{"line":164,"column":16},"end":{"line":164,"column":30}},"85":{"start":{"line":169,"column":19},"end":{"line":169,"column":33}},"86":{"start":{"line":170,"column":19},"end":{"line":170,"column":44}},"87":{"start":{"line":171,"column":19},"end":{"line":171,"column":31}},"88":{"start":{"line":172,"column":8},"end":{"line":186,"column":9}},"89":{"start":{"line":173,"column":28},"end":{"line":173,"column":60}},"90":{"start":{"line":174,"column":12},"end":{"line":174,"column":39}},"91":{"start":{"line":175,"column":12},"end":{"line":175,"column":49}},"92":{"start":{"line":176,"column":25},"end":{"line":176,"column":55}},"93":{"start":{"line":177,"column":12},"end":{"line":185,"column":13}},"94":{"start":{"line":178,"column":16},"end":{"line":178,"column":22}},"95":{"start":{"line":180,"column":17},"end":{"line":185,"column":13}},"96":{"start":{"line":181,"column":16},"end":{"line":181,"column":25}},"97":{"start":{"line":183,"column":17},"end":{"line":185,"column":13}},"98":{"start":{"line":184,"column":16},"end":{"line":184,"column":30}},"99":{"start":{"line":189,"column":8},"end":{"line":202,"column":45}},"100":{"start":{"line":190,"column":28},"end":{"line":190,"column":60}},"101":{"start":{"line":191,"column":12},"end":{"line":191,"column":39}},"102":{"start":{"line":192,"column":25},"end":{"line":192,"column":55}},"103":{"start":{"line":193,"column":12},"end":{"line":201,"column":13}},"104":{"start":{"line":194,"column":16},"end":{"line":194,"column":22}},"105":{"start":{"line":196,"column":17},"end":{"line":201,"column":13}},"106":{"start":{"line":197,"column":16},"end":{"line":197,"column":25}},"107":{"start":{"line":199,"column":17},"end":{"line":201,"column":13}},"108":{"start":{"line":200,"column":16},"end":{"line":200,"column":30}},"109":{"start":{"line":205,"column":8},"end":{"line":218,"column":9}},"110":{"start":{"line":206,"column":28},"end":{"line":206,"column":60}},"111":{"start":{"line":207,"column":12},"end":{"line":207,"column":39}},"112":{"start":{"line":208,"column":25},"end":{"line":208,"column":55}},"113":{"start":{"line":209,"column":12},"end":{"line":217,"column":13}},"114":{"start":{"line":210,"column":16},"end":{"line":210,"column":22}},"115":{"start":{"line":212,"column":17},"end":{"line":217,"column":13}},"116":{"start":{"line":213,"column":16},"end":{"line":213,"column":25}},"117":{"start":{"line":215,"column":17},"end":{"line":217,"column":13}},"118":{"start":{"line":216,"column":16},"end":{"line":216,"column":30}},"119":{"start":{"line":221,"column":8},"end":{"line":221,"column":45}},"120":{"start":{"line":224,"column":8},"end":{"line":224,"column":42}},"121":{"start":{"line":227,"column":8},"end":{"line":246,"column":9}},"122":{"start":{"line":228,"column":27},"end":{"line":228,"column":60}},"123":{"start":{"line":229,"column":12},"end":{"line":229,"column":50}},"124":{"start":{"line":232,"column":12},"end":{"line":241,"column":13}},"125":{"start":{"line":233,"column":28},"end":{"line":233,"column":46}},"126":{"start":{"line":234,"column":32},"end":{"line":234,"column":65}},"127":{"start":{"line":235,"column":16},"end":{"line":235,"column":43}},"128":{"start":{"line":236,"column":16},"end":{"line":236,"column":50}},"129":{"start":{"line":237,"column":16},"end":{"line":237,"column":57}},"130":{"start":{"line":240,"column":16},"end":{"line":240,"column":26}},"131":{"start":{"line":244,"column":12},"end":{"line":245,"column":55}},"132":{"start":{"line":245,"column":16},"end":{"line":245,"column":55}},"133":{"start":{"line":249,"column":27},"end":{"line":249,"column":61}},"134":{"start":{"line":250,"column":24},"end":{"line":250,"column":58}},"135":{"start":{"line":251,"column":22},"end":{"line":251,"column":27}},"136":{"start":{"line":252,"column":8},"end":{"line":268,"column":9}},"137":{"start":{"line":253,"column":24},"end":{"line":253,"column":30}},"138":{"start":{"line":255,"column":12},"end":{"line":258,"column":13}},"139":{"start":{"line":257,"column":16},"end":{"line":257,"column":31}},"140":{"start":{"line":259,"column":12},"end":{"line":267,"column":13}},"141":{"start":{"line":260,"column":29},"end":{"line":260,"column":55}},"142":{"start":{"line":261,"column":16},"end":{"line":266,"column":17}},"143":{"start":{"line":262,"column":20},"end":{"line":262,"column":26}},"144":{"start":{"line":264,"column":21},"end":{"line":266,"column":17}},"145":{"start":{"line":265,"column":20},"end":{"line":265,"column":34}},"146":{"start":{"line":271,"column":8},"end":{"line":279,"column":9}},"147":{"start":{"line":272,"column":23},"end":{"line":272,"column":29}},"148":{"start":{"line":273,"column":25},"end":{"line":273,"column":46}},"149":{"start":{"line":274,"column":12},"end":{"line":278,"column":13}},"150":{"start":{"line":277,"column":16},"end":{"line":277,"column":30}},"151":{"start":{"line":282,"column":21},"end":{"line":282,"column":32}},"152":{"start":{"line":284,"column":8},"end":{"line":305,"column":9}},"153":{"start":{"line":285,"column":23},"end":{"line":285,"column":41}},"154":{"start":{"line":286,"column":12},"end":{"line":286,"column":37}},"155":{"start":{"line":287,"column":12},"end":{"line":288,"column":51}},"156":{"start":{"line":288,"column":16},"end":{"line":288,"column":51}},"157":{"start":{"line":290,"column":13},"end":{"line":305,"column":9}},"158":{"start":{"line":291,"column":27},"end":{"line":291,"column":40}},"159":{"start":{"line":292,"column":27},"end":{"line":292,"column":59}},"160":{"start":{"line":293,"column":29},"end":{"line":295,"column":40}},"161":{"start":{"line":296,"column":12},"end":{"line":304,"column":14}},"162":{"start":{"line":298,"column":20},"end":{"line":298,"column":49}},"163":{"start":{"line":299,"column":20},"end":{"line":299,"column":32}},"164":{"start":{"line":302,"column":20},"end":{"line":302,"column":48}},"165":{"start":{"line":306,"column":8},"end":{"line":309,"column":57}},"166":{"start":{"line":307,"column":33},"end":{"line":307,"column":79}},"167":{"start":{"line":308,"column":33},"end":{"line":308,"column":79}},"168":{"start":{"line":312,"column":23},"end":{"line":312,"column":42}},"169":{"start":{"line":313,"column":8},"end":{"line":313,"column":49}},"170":{"start":{"line":316,"column":31},"end":{"line":318,"column":10}},"171":{"start":{"line":317,"column":12},"end":{"line":317,"column":57}},"172":{"start":{"line":319,"column":23},"end":{"line":319,"column":25}},"173":{"start":{"line":320,"column":8},"end":{"line":328,"column":11}},"174":{"start":{"line":321,"column":12},"end":{"line":327,"column":13}},"175":{"start":{"line":322,"column":26},"end":{"line":322,"column":47}},"176":{"start":{"line":323,"column":16},"end":{"line":323,"column":82}},"177":{"start":{"line":326,"column":16},"end":{"line":326,"column":53}},"178":{"start":{"line":329,"column":8},"end":{"line":329,"column":24}},"179":{"start":{"line":332,"column":21},"end":{"line":332,"column":23}},"180":{"start":{"line":333,"column":8},"end":{"line":366,"column":9}},"181":{"start":{"line":334,"column":27},"end":{"line":334,"column":33}},"182":{"start":{"line":335,"column":12},"end":{"line":365,"column":13}},"183":{"start":{"line":336,"column":16},"end":{"line":341,"column":17}},"184":{"start":{"line":337,"column":20},"end":{"line":337,"column":80}},"185":{"start":{"line":340,"column":20},"end":{"line":340,"column":92}},"186":{"start":{"line":343,"column":17},"end":{"line":365,"column":13}},"187":{"start":{"line":344,"column":16},"end":{"line":359,"column":17}},"188":{"start":{"line":346,"column":24},"end":{"line":348,"column":27}},"189":{"start":{"line":349,"column":24},"end":{"line":349,"column":30}},"190":{"start":{"line":351,"column":24},"end":{"line":353,"column":27}},"191":{"start":{"line":354,"column":24},"end":{"line":354,"column":30}},"192":{"start":{"line":356,"column":24},"end":{"line":356,"column":30}},"193":{"start":{"line":358,"column":24},"end":{"line":358,"column":68}},"194":{"start":{"line":361,"column":17},"end":{"line":365,"column":13}},"195":{"start":{"line":364,"column":16},"end":{"line":364,"column":27}},"196":{"start":{"line":367,"column":8},"end":{"line":367,"column":22}},"197":{"start":{"line":370,"column":19},"end":{"line":387,"column":9}},"198":{"start":{"line":371,"column":23},"end":{"line":371,"column":25}},"199":{"start":{"line":372,"column":12},"end":{"line":374,"column":13}},"200":{"start":{"line":373,"column":16},"end":{"line":373,"column":41}},"201":{"start":{"line":375,"column":28},"end":{"line":375,"column":64}},"202":{"start":{"line":376,"column":12},"end":{"line":376,"column":39}},"203":{"start":{"line":377,"column":12},"end":{"line":380,"column":13}},"204":{"start":{"line":378,"column":27},"end":{"line":378,"column":46}},"205":{"start":{"line":379,"column":16},"end":{"line":379,"column":48}},"206":{"start":{"line":381,"column":12},"end":{"line":381,"column":43}},"207":{"start":{"line":382,"column":12},"end":{"line":382,"column":53}},"208":{"start":{"line":383,"column":25},"end":{"line":383,"column":55}},"209":{"start":{"line":384,"column":12},"end":{"line":386,"column":13}},"210":{"start":{"line":385,"column":16},"end":{"line":385,"column":37}},"211":{"start":{"line":388,"column":8},"end":{"line":388,"column":77}},"212":{"start":{"line":389,"column":8},"end":{"line":389,"column":20}},"213":{"start":{"line":392,"column":8},"end":{"line":414,"column":82}},"214":{"start":{"line":393,"column":36},"end":{"line":393,"column":50}},"215":{"start":{"line":394,"column":36},"end":{"line":394,"column":50}},"216":{"start":{"line":395,"column":37},"end":{"line":395,"column":52}},"217":{"start":{"line":396,"column":37},"end":{"line":396,"column":52}},"218":{"start":{"line":397,"column":35},"end":{"line":397,"column":48}},"219":{"start":{"line":398,"column":36},"end":{"line":398,"column":50}},"220":{"start":{"line":399,"column":35},"end":{"line":399,"column":48}},"221":{"start":{"line":400,"column":36},"end":{"line":400,"column":50}},"222":{"start":{"line":401,"column":36},"end":{"line":401,"column":50}},"223":{"start":{"line":402,"column":36},"end":{"line":402,"column":50}},"224":{"start":{"line":403,"column":37},"end":{"line":403,"column":52}},"225":{"start":{"line":404,"column":35},"end":{"line":404,"column":48}},"226":{"start":{"line":405,"column":35},"end":{"line":405,"column":48}},"227":{"start":{"line":406,"column":35},"end":{"line":406,"column":48}},"228":{"start":{"line":407,"column":35},"end":{"line":407,"column":48}},"229":{"start":{"line":408,"column":35},"end":{"line":408,"column":48}},"230":{"start":{"line":409,"column":35},"end":{"line":409,"column":48}},"231":{"start":{"line":410,"column":35},"end":{"line":410,"column":48}},"232":{"start":{"line":411,"column":35},"end":{"line":411,"column":48}},"233":{"start":{"line":412,"column":34},"end":{"line":412,"column":48}},"234":{"start":{"line":413,"column":42},"end":{"line":413,"column":64}},"235":{"start":{"line":417,"column":8},"end":{"line":448,"column":27}},"236":{"start":{"line":418,"column":31},"end":{"line":418,"column":70}},"237":{"start":{"line":419,"column":31},"end":{"line":419,"column":70}},"238":{"start":{"line":420,"column":31},"end":{"line":420,"column":70}},"239":{"start":{"line":421,"column":31},"end":{"line":421,"column":70}},"240":{"start":{"line":422,"column":32},"end":{"line":422,"column":75}},"241":{"start":{"line":424,"column":16},"end":{"line":430,"column":17}},"242":{"start":{"line":425,"column":31},"end":{"line":425,"column":62}},"243":{"start":{"line":426,"column":20},"end":{"line":426,"column":67}},"244":{"start":{"line":429,"column":20},"end":{"line":429,"column":65}},"245":{"start":{"line":433,"column":16},"end":{"line":446,"column":17}},"246":{"start":{"line":434,"column":29},"end":{"line":434,"column":42}},"247":{"start":{"line":434,"column":53},"end":{"line":434,"column":62}},"248":{"start":{"line":434,"column":75},"end":{"line":434,"column":86}},"249":{"start":{"line":434,"column":99},"end":{"line":434,"column":110}},"250":{"start":{"line":435,"column":20},"end":{"line":440,"column":21}},"251":{"start":{"line":436,"column":24},"end":{"line":436,"column":89}},"252":{"start":{"line":439,"column":24},"end":{"line":439,"column":77}},"253":{"start":{"line":442,"column":21},"end":{"line":446,"column":17}},"254":{"start":{"line":443,"column":32},"end":{"line":443,"column":51}},"255":{"start":{"line":444,"column":20},"end":{"line":445,"column":64}},"256":{"start":{"line":445,"column":24},"end":{"line":445,"column":64}},"257":{"start":{"line":451,"column":25},"end":{"line":451,"column":38}},"258":{"start":{"line":452,"column":19},"end":{"line":452,"column":75}},"259":{"start":{"line":453,"column":19},"end":{"line":453,"column":86}},"260":{"start":{"line":453,"column":55},"end":{"line":453,"column":83}},"261":{"start":{"line":454,"column":8},"end":{"line":457,"column":9}},"262":{"start":{"line":456,"column":12},"end":{"line":456,"column":19}},"263":{"start":{"line":458,"column":8},"end":{"line":465,"column":9}},"264":{"start":{"line":459,"column":25},"end":{"line":459,"column":88}},"265":{"start":{"line":460,"column":12},"end":{"line":460,"column":44}},"266":{"start":{"line":463,"column":27},"end":{"line":463,"column":46}},"267":{"start":{"line":464,"column":12},"end":{"line":464,"column":71}},"268":{"start":{"line":468,"column":25},"end":{"line":468,"column":38}},"269":{"start":{"line":469,"column":21},"end":{"line":469,"column":32}},"270":{"start":{"line":469,"column":45},"end":{"line":469,"column":58}},"271":{"start":{"line":469,"column":71},"end":{"line":469,"column":84}},"272":{"start":{"line":470,"column":8},"end":{"line":476,"column":9}},"273":{"start":{"line":471,"column":23},"end":{"line":471,"column":42}},"274":{"start":{"line":472,"column":12},"end":{"line":475,"column":13}},"275":{"start":{"line":473,"column":29},"end":{"line":473,"column":40}},"276":{"start":{"line":474,"column":16},"end":{"line":474,"column":72}},"277":{"start":{"line":477,"column":8},"end":{"line":482,"column":9}},"278":{"start":{"line":478,"column":12},"end":{"line":478,"column":70}},"279":{"start":{"line":481,"column":12},"end":{"line":481,"column":58}},"280":{"start":{"line":486,"column":8},"end":{"line":511,"column":9}},"281":{"start":{"line":487,"column":23},"end":{"line":487,"column":37}},"282":{"start":{"line":488,"column":30},"end":{"line":488,"column":47}},"283":{"start":{"line":489,"column":12},"end":{"line":490,"column":54}},"284":{"start":{"line":490,"column":16},"end":{"line":490,"column":54}},"285":{"start":{"line":491,"column":12},"end":{"line":491,"column":31}},"286":{"start":{"line":493,"column":13},"end":{"line":511,"column":9}},"287":{"start":{"line":494,"column":23},"end":{"line":494,"column":32}},"288":{"start":{"line":495,"column":27},"end":{"line":495,"column":55}},"289":{"start":{"line":496,"column":29},"end":{"line":498,"column":36}},"290":{"start":{"line":499,"column":12},"end":{"line":507,"column":14}},"291":{"start":{"line":501,"column":20},"end":{"line":501,"column":49}},"292":{"start":{"line":502,"column":20},"end":{"line":502,"column":32}},"293":{"start":{"line":505,"column":20},"end":{"line":505,"column":48}},"294":{"start":{"line":510,"column":12},"end":{"line":510,"column":117}},"295":{"start":{"line":512,"column":8},"end":{"line":525,"column":54}},"296":{"start":{"line":513,"column":32},"end":{"line":513,"column":57}},"297":{"start":{"line":514,"column":33},"end":{"line":514,"column":82}},"298":{"start":{"line":515,"column":33},"end":{"line":515,"column":82}},"299":{"start":{"line":516,"column":33},"end":{"line":516,"column":82}},"300":{"start":{"line":517,"column":33},"end":{"line":517,"column":82}},"301":{"start":{"line":518,"column":33},"end":{"line":518,"column":82}},"302":{"start":{"line":519,"column":34},"end":{"line":519,"column":84}},"303":{"start":{"line":520,"column":34},"end":{"line":520,"column":84}},"304":{"start":{"line":521,"column":35},"end":{"line":521,"column":86}},"305":{"start":{"line":522,"column":33},"end":{"line":522,"column":82}},"306":{"start":{"line":523,"column":33},"end":{"line":523,"column":82}},"307":{"start":{"line":524,"column":33},"end":{"line":524,"column":82}},"308":{"start":{"line":528,"column":8},"end":{"line":531,"column":27}},"309":{"start":{"line":529,"column":32},"end":{"line":529,"column":97}},"310":{"start":{"line":530,"column":32},"end":{"line":530,"column":97}},"311":{"start":{"line":534,"column":8},"end":{"line":536,"column":46}},"312":{"start":{"line":539,"column":19},"end":{"line":539,"column":47}},"313":{"start":{"line":540,"column":8},"end":{"line":540,"column":80}},"314":{"start":{"line":541,"column":19},"end":{"line":541,"column":86}},"315":{"start":{"line":541,"column":55},"end":{"line":541,"column":83}},"316":{"start":{"line":542,"column":8},"end":{"line":542,"column":66}},"317":{"start":{"line":546,"column":19},"end":{"line":567,"column":9}},"318":{"start":{"line":547,"column":23},"end":{"line":547,"column":25}},"319":{"start":{"line":548,"column":12},"end":{"line":550,"column":13}},"320":{"start":{"line":549,"column":16},"end":{"line":549,"column":41}},"321":{"start":{"line":551,"column":28},"end":{"line":551,"column":64}},"322":{"start":{"line":552,"column":12},"end":{"line":552,"column":39}},"323":{"start":{"line":553,"column":12},"end":{"line":556,"column":13}},"324":{"start":{"line":554,"column":27},"end":{"line":554,"column":46}},"325":{"start":{"line":555,"column":16},"end":{"line":555,"column":48}},"326":{"start":{"line":557,"column":27},"end":{"line":557,"column":46}},"327":{"start":{"line":558,"column":12},"end":{"line":558,"column":72}},"328":{"start":{"line":559,"column":12},"end":{"line":559,"column":53}},"329":{"start":{"line":560,"column":25},"end":{"line":560,"column":55}},"330":{"start":{"line":561,"column":12},"end":{"line":566,"column":13}},"331":{"start":{"line":562,"column":16},"end":{"line":562,"column":37}},"332":{"start":{"line":565,"column":16},"end":{"line":565,"column":30}},"333":{"start":{"line":568,"column":8},"end":{"line":568,"column":77}},"334":{"start":{"line":569,"column":8},"end":{"line":569,"column":20}},"335":{"start":{"line":572,"column":8},"end":{"line":576,"column":22}},"336":{"start":{"line":574,"column":36},"end":{"line":574,"column":61}},"337":{"start":{"line":575,"column":38},"end":{"line":575,"column":70}},"338":{"start":{"line":579,"column":8},"end":{"line":579,"column":30}},"339":{"start":{"line":582,"column":26},"end":{"line":582,"column":135}},"340":{"start":{"line":582,"column":61},"end":{"line":582,"column":132}},"341":{"start":{"line":583,"column":22},"end":{"line":583,"column":133}},"342":{"start":{"line":583,"column":59},"end":{"line":583,"column":130}},"343":{"start":{"line":584,"column":25},"end":{"line":584,"column":110}},"344":{"start":{"line":584,"column":62},"end":{"line":584,"column":107}},"345":{"start":{"line":586,"column":8},"end":{"line":595,"column":9}},"346":{"start":{"line":587,"column":33},"end":{"line":587,"column":53}},"347":{"start":{"line":588,"column":23},"end":{"line":588,"column":50}},"348":{"start":{"line":589,"column":12},"end":{"line":594,"column":13}},"349":{"start":{"line":590,"column":16},"end":{"line":590,"column":41}},"350":{"start":{"line":593,"column":16},"end":{"line":593,"column":64}},"351":{"start":{"line":596,"column":20},"end":{"line":669,"column":22}},"352":{"start":{"line":597,"column":12},"end":{"line":599,"column":13}},"353":{"start":{"line":598,"column":16},"end":{"line":598,"column":55}},"354":{"start":{"line":601,"column":27},"end":{"line":601,"column":29}},"355":{"start":{"line":602,"column":16},"end":{"line":604,"column":17}},"356":{"start":{"line":603,"column":20},"end":{"line":603,"column":45}},"357":{"start":{"line":605,"column":16},"end":{"line":605,"column":55}},"358":{"start":{"line":607,"column":31},"end":{"line":607,"column":67}},"359":{"start":{"line":609,"column":29},"end":{"line":609,"column":140}},"360":{"start":{"line":612,"column":16},"end":{"line":612,"column":48}},"361":{"start":{"line":614,"column":16},"end":{"line":614,"column":92}},"362":{"start":{"line":614,"column":50},"end":{"line":614,"column":88}},"363":{"start":{"line":615,"column":16},"end":{"line":626,"column":17}},"364":{"start":{"line":617,"column":20},"end":{"line":624,"column":23}},"365":{"start":{"line":618,"column":24},"end":{"line":623,"column":25}},"366":{"start":{"line":619,"column":28},"end":{"line":619,"column":61}},"367":{"start":{"line":622,"column":28},"end":{"line":622,"column":62}},"368":{"start":{"line":625,"column":20},"end":{"line":625,"column":80}},"369":{"start":{"line":627,"column":16},"end":{"line":627,"column":30}},"370":{"start":{"line":629,"column":27},"end":{"line":665,"column":14}},"371":{"start":{"line":631,"column":31},"end":{"line":631,"column":67}},"372":{"start":{"line":632,"column":27},"end":{"line":651,"column":17}},"373":{"start":{"line":633,"column":31},"end":{"line":633,"column":33}},"374":{"start":{"line":634,"column":20},"end":{"line":636,"column":21}},"375":{"start":{"line":635,"column":24},"end":{"line":635,"column":49}},"376":{"start":{"line":637,"column":20},"end":{"line":637,"column":50}},"377":{"start":{"line":639,"column":20},"end":{"line":643,"column":23}},"378":{"start":{"line":640,"column":24},"end":{"line":642,"column":25}},"379":{"start":{"line":641,"column":28},"end":{"line":641,"column":61}},"380":{"start":{"line":644,"column":33},"end":{"line":644,"column":92}},"381":{"start":{"line":645,"column":20},"end":{"line":650,"column":21}},"382":{"start":{"line":646,"column":24},"end":{"line":646,"column":70}},"383":{"start":{"line":649,"column":24},"end":{"line":649,"column":38}},"384":{"start":{"line":652,"column":16},"end":{"line":652,"column":87}},"385":{"start":{"line":653,"column":16},"end":{"line":657,"column":23}},"386":{"start":{"line":667,"column":12},"end":{"line":667,"column":52}},"387":{"start":{"line":668,"column":12},"end":{"line":668,"column":25}},"388":{"start":{"line":670,"column":8},"end":{"line":670,"column":42}},"389":{"start":{"line":673,"column":25},"end":{"line":673,"column":38}},"390":{"start":{"line":674,"column":8},"end":{"line":674,"column":70}},"391":{"start":{"line":677,"column":8},"end":{"line":677,"column":31}},"392":{"start":{"line":680,"column":8},"end":{"line":680,"column":46}},"393":{"start":{"line":684,"column":4},"end":{"line":684,"column":37}},"394":{"start":{"line":684,"column":26},"end":{"line":684,"column":35}},"395":{"start":{"line":685,"column":19},"end":{"line":685,"column":42}},"396":{"start":{"line":686,"column":4},"end":{"line":688,"column":5}},"397":{"start":{"line":687,"column":8},"end":{"line":687,"column":60}},"398":{"start":{"line":689,"column":4},"end":{"line":689,"column":38}},"399":{"start":{"line":691,"column":0},"end":{"line":691,"column":27}}},"fnMap":{"0":{"name":"(anonymous_0)","decl":{"start":{"line":11,"column":10},"end":{"line":11,"column":11}},"loc":{"start":{"line":11,"column":33},"end":{"line":13,"column":5}},"line":11},"1":{"name":"(anonymous_1)","decl":{"start":{"line":14,"column":13},"end":{"line":14,"column":14}},"loc":{"start":{"line":14,"column":39},"end":{"line":36,"column":5}},"line":14},"2":{"name":"(anonymous_2)","decl":{"start":{"line":37,"column":16},"end":{"line":37,"column":17}},"loc":{"start":{"line":37,"column":39},"end":{"line":49,"column":5}},"line":37},"3":{"name":"(anonymous_3)","decl":{"start":{"line":50,"column":19},"end":{"line":50,"column":20}},"loc":{"start":{"line":50,"column":42},"end":{"line":52,"column":5}},"line":50},"4":{"name":"(anonymous_4)","decl":{"start":{"line":53,"column":19},"end":{"line":53,"column":20}},"loc":{"start":{"line":53,"column":42},"end":{"line":55,"column":5}},"line":53},"5":{"name":"(anonymous_5)","decl":{"start":{"line":56,"column":20},"end":{"line":56,"column":21}},"loc":{"start":{"line":56,"column":43},"end":{"line":58,"column":5}},"line":56},"6":{"name":"(anonymous_6)","decl":{"start":{"line":59,"column":20},"end":{"line":59,"column":21}},"loc":{"start":{"line":59,"column":43},"end":{"line":61,"column":5}},"line":59},"7":{"name":"(anonymous_7)","decl":{"start":{"line":62,"column":17},"end":{"line":62,"column":18}},"loc":{"start":{"line":62,"column":40},"end":{"line":69,"column":5}},"line":62},"8":{"name":"(anonymous_8)","decl":{"start":{"line":70,"column":20},"end":{"line":70,"column":21}},"loc":{"start":{"line":70,"column":43},"end":{"line":70,"column":46}},"line":70},"9":{"name":"(anonymous_9)","decl":{"start":{"line":71,"column":20},"end":{"line":71,"column":21}},"loc":{"start":{"line":71,"column":48},"end":{"line":98,"column":5}},"line":71},"10":{"name":"(anonymous_10)","decl":{"start":{"line":99,"column":19},"end":{"line":99,"column":20}},"loc":{"start":{"line":99,"column":42},"end":{"line":101,"column":5}},"line":99},"11":{"name":"(anonymous_11)","decl":{"start":{"line":102,"column":23},"end":{"line":102,"column":24}},"loc":{"start":{"line":102,"column":46},"end":{"line":104,"column":5}},"line":102},"12":{"name":"(anonymous_12)","decl":{"start":{"line":105,"column":22},"end":{"line":105,"column":23}},"loc":{"start":{"line":105,"column":45},"end":{"line":107,"column":5}},"line":105},"13":{"name":"(anonymous_13)","decl":{"start":{"line":108,"column":20},"end":{"line":108,"column":21}},"loc":{"start":{"line":108,"column":43},"end":{"line":110,"column":5}},"line":108},"14":{"name":"(anonymous_14)","decl":{"start":{"line":111,"column":23},"end":{"line":111,"column":24}},"loc":{"start":{"line":111,"column":46},"end":{"line":113,"column":5}},"line":111},"15":{"name":"(anonymous_15)","decl":{"start":{"line":114,"column":21},"end":{"line":114,"column":22}},"loc":{"start":{"line":114,"column":48},"end":{"line":120,"column":5}},"line":114},"16":{"name":"(anonymous_16)","decl":{"start":{"line":121,"column":25},"end":{"line":121,"column":26}},"loc":{"start":{"line":121,"column":48},"end":{"line":133,"column":5}},"line":121},"17":{"name":"(anonymous_17)","decl":{"start":{"line":134,"column":24},"end":{"line":134,"column":25}},"loc":{"start":{"line":134,"column":47},"end":{"line":139,"column":5}},"line":134},"18":{"name":"(anonymous_18)","decl":{"start":{"line":140,"column":25},"end":{"line":140,"column":26}},"loc":{"start":{"line":140,"column":48},"end":{"line":149,"column":5}},"line":140},"19":{"name":"(anonymous_19)","decl":{"start":{"line":150,"column":25},"end":{"line":150,"column":26}},"loc":{"start":{"line":150,"column":52},"end":{"line":153,"column":5}},"line":150},"20":{"name":"(anonymous_20)","decl":{"start":{"line":154,"column":18},"end":{"line":154,"column":19}},"loc":{"start":{"line":154,"column":41},"end":{"line":167,"column":5}},"line":154},"21":{"name":"(anonymous_21)","decl":{"start":{"line":168,"column":20},"end":{"line":168,"column":21}},"loc":{"start":{"line":168,"column":43},"end":{"line":187,"column":5}},"line":168},"22":{"name":"(anonymous_22)","decl":{"start":{"line":188,"column":22},"end":{"line":188,"column":23}},"loc":{"start":{"line":188,"column":45},"end":{"line":203,"column":5}},"line":188},"23":{"name":"(anonymous_23)","decl":{"start":{"line":204,"column":20},"end":{"line":204,"column":21}},"loc":{"start":{"line":204,"column":43},"end":{"line":219,"column":5}},"line":204},"24":{"name":"(anonymous_24)","decl":{"start":{"line":220,"column":20},"end":{"line":220,"column":21}},"loc":{"start":{"line":220,"column":43},"end":{"line":222,"column":5}},"line":220},"25":{"name":"(anonymous_25)","decl":{"start":{"line":223,"column":17},"end":{"line":223,"column":18}},"loc":{"start":{"line":223,"column":47},"end":{"line":225,"column":5}},"line":223},"26":{"name":"(anonymous_26)","decl":{"start":{"line":226,"column":18},"end":{"line":226,"column":19}},"loc":{"start":{"line":226,"column":41},"end":{"line":247,"column":5}},"line":226},"27":{"name":"(anonymous_27)","decl":{"start":{"line":248,"column":21},"end":{"line":248,"column":22}},"loc":{"start":{"line":248,"column":44},"end":{"line":269,"column":5}},"line":248},"28":{"name":"(anonymous_28)","decl":{"start":{"line":270,"column":16},"end":{"line":270,"column":17}},"loc":{"start":{"line":270,"column":39},"end":{"line":280,"column":5}},"line":270},"29":{"name":"(anonymous_29)","decl":{"start":{"line":281,"column":22},"end":{"line":281,"column":23}},"loc":{"start":{"line":281,"column":45},"end":{"line":310,"column":5}},"line":281},"30":{"name":"(anonymous_30)","decl":{"start":{"line":297,"column":22},"end":{"line":297,"column":23}},"loc":{"start":{"line":297,"column":39},"end":{"line":300,"column":17}},"line":297},"31":{"name":"(anonymous_31)","decl":{"start":{"line":301,"column":22},"end":{"line":301,"column":23}},"loc":{"start":{"line":301,"column":34},"end":{"line":303,"column":17}},"line":301},"32":{"name":"(anonymous_32)","decl":{"start":{"line":307,"column":18},"end":{"line":307,"column":19}},"loc":{"start":{"line":307,"column":31},"end":{"line":307,"column":81}},"line":307},"33":{"name":"(anonymous_33)","decl":{"start":{"line":308,"column":18},"end":{"line":308,"column":19}},"loc":{"start":{"line":308,"column":31},"end":{"line":308,"column":81}},"line":308},"34":{"name":"(anonymous_34)","decl":{"start":{"line":311,"column":20},"end":{"line":311,"column":21}},"loc":{"start":{"line":311,"column":43},"end":{"line":314,"column":5}},"line":311},"35":{"name":"(anonymous_35)","decl":{"start":{"line":315,"column":21},"end":{"line":315,"column":22}},"loc":{"start":{"line":315,"column":44},"end":{"line":330,"column":5}},"line":315},"36":{"name":"(anonymous_36)","decl":{"start":{"line":316,"column":52},"end":{"line":316,"column":53}},"loc":{"start":{"line":316,"column":65},"end":{"line":318,"column":9}},"line":316},"37":{"name":"(anonymous_37)","decl":{"start":{"line":320,"column":30},"end":{"line":320,"column":31}},"loc":{"start":{"line":320,"column":46},"end":{"line":328,"column":9}},"line":320},"38":{"name":"(anonymous_38)","decl":{"start":{"line":331,"column":22},"end":{"line":331,"column":23}},"loc":{"start":{"line":331,"column":45},"end":{"line":368,"column":5}},"line":331},"39":{"name":"(anonymous_39)","decl":{"start":{"line":369,"column":24},"end":{"line":369,"column":25}},"loc":{"start":{"line":369,"column":47},"end":{"line":390,"column":5}},"line":369},"40":{"name":"(anonymous_40)","decl":{"start":{"line":370,"column":19},"end":{"line":370,"column":20}},"loc":{"start":{"line":370,"column":31},"end":{"line":387,"column":9}},"line":370},"41":{"name":"(anonymous_41)","decl":{"start":{"line":391,"column":22},"end":{"line":391,"column":23}},"loc":{"start":{"line":391,"column":45},"end":{"line":415,"column":5}},"line":391},"42":{"name":"(anonymous_42)","decl":{"start":{"line":393,"column":18},"end":{"line":393,"column":19}},"loc":{"start":{"line":393,"column":34},"end":{"line":393,"column":52}},"line":393},"43":{"name":"(anonymous_43)","decl":{"start":{"line":394,"column":18},"end":{"line":394,"column":19}},"loc":{"start":{"line":394,"column":34},"end":{"line":394,"column":52}},"line":394},"44":{"name":"(anonymous_44)","decl":{"start":{"line":395,"column":19},"end":{"line":395,"column":20}},"loc":{"start":{"line":395,"column":35},"end":{"line":395,"column":54}},"line":395},"45":{"name":"(anonymous_45)","decl":{"start":{"line":396,"column":19},"end":{"line":396,"column":20}},"loc":{"start":{"line":396,"column":35},"end":{"line":396,"column":54}},"line":396},"46":{"name":"(anonymous_46)","decl":{"start":{"line":397,"column":17},"end":{"line":397,"column":18}},"loc":{"start":{"line":397,"column":33},"end":{"line":397,"column":50}},"line":397},"47":{"name":"(anonymous_47)","decl":{"start":{"line":398,"column":18},"end":{"line":398,"column":19}},"loc":{"start":{"line":398,"column":34},"end":{"line":398,"column":52}},"line":398},"48":{"name":"(anonymous_48)","decl":{"start":{"line":399,"column":17},"end":{"line":399,"column":18}},"loc":{"start":{"line":399,"column":33},"end":{"line":399,"column":50}},"line":399},"49":{"name":"(anonymous_49)","decl":{"start":{"line":400,"column":18},"end":{"line":400,"column":19}},"loc":{"start":{"line":400,"column":34},"end":{"line":400,"column":52}},"line":400},"50":{"name":"(anonymous_50)","decl":{"start":{"line":401,"column":18},"end":{"line":401,"column":19}},"loc":{"start":{"line":401,"column":34},"end":{"line":401,"column":52}},"line":401},"51":{"name":"(anonymous_51)","decl":{"start":{"line":402,"column":18},"end":{"line":402,"column":19}},"loc":{"start":{"line":402,"column":34},"end":{"line":402,"column":52}},"line":402},"52":{"name":"(anonymous_52)","decl":{"start":{"line":403,"column":19},"end":{"line":403,"column":20}},"loc":{"start":{"line":403,"column":35},"end":{"line":403,"column":54}},"line":403},"53":{"name":"(anonymous_53)","decl":{"start":{"line":404,"column":17},"end":{"line":404,"column":18}},"loc":{"start":{"line":404,"column":33},"end":{"line":404,"column":50}},"line":404},"54":{"name":"(anonymous_54)","decl":{"start":{"line":405,"column":17},"end":{"line":405,"column":18}},"loc":{"start":{"line":405,"column":33},"end":{"line":405,"column":50}},"line":405},"55":{"name":"(anonymous_55)","decl":{"start":{"line":406,"column":17},"end":{"line":406,"column":18}},"loc":{"start":{"line":406,"column":33},"end":{"line":406,"column":50}},"line":406},"56":{"name":"(anonymous_56)","decl":{"start":{"line":407,"column":17},"end":{"line":407,"column":18}},"loc":{"start":{"line":407,"column":33},"end":{"line":407,"column":50}},"line":407},"57":{"name":"(anonymous_57)","decl":{"start":{"line":408,"column":17},"end":{"line":408,"column":18}},"loc":{"start":{"line":408,"column":33},"end":{"line":408,"column":50}},"line":408},"58":{"name":"(anonymous_58)","decl":{"start":{"line":409,"column":17},"end":{"line":409,"column":18}},"loc":{"start":{"line":409,"column":33},"end":{"line":409,"column":50}},"line":409},"59":{"name":"(anonymous_59)","decl":{"start":{"line":410,"column":17},"end":{"line":410,"column":18}},"loc":{"start":{"line":410,"column":33},"end":{"line":410,"column":50}},"line":410},"60":{"name":"(anonymous_60)","decl":{"start":{"line":411,"column":17},"end":{"line":411,"column":18}},"loc":{"start":{"line":411,"column":33},"end":{"line":411,"column":50}},"line":411},"61":{"name":"(anonymous_61)","decl":{"start":{"line":412,"column":16},"end":{"line":412,"column":17}},"loc":{"start":{"line":412,"column":32},"end":{"line":412,"column":50}},"line":412},"62":{"name":"(anonymous_62)","decl":{"start":{"line":413,"column":24},"end":{"line":413,"column":25}},"loc":{"start":{"line":413,"column":40},"end":{"line":413,"column":66}},"line":413},"63":{"name":"(anonymous_63)","decl":{"start":{"line":416,"column":21},"end":{"line":416,"column":22}},"loc":{"start":{"line":416,"column":44},"end":{"line":449,"column":5}},"line":416},"64":{"name":"(anonymous_64)","decl":{"start":{"line":418,"column":17},"end":{"line":418,"column":18}},"loc":{"start":{"line":418,"column":29},"end":{"line":418,"column":72}},"line":418},"65":{"name":"(anonymous_65)","decl":{"start":{"line":419,"column":17},"end":{"line":419,"column":18}},"loc":{"start":{"line":419,"column":29},"end":{"line":419,"column":72}},"line":419},"66":{"name":"(anonymous_66)","decl":{"start":{"line":420,"column":17},"end":{"line":420,"column":18}},"loc":{"start":{"line":420,"column":29},"end":{"line":420,"column":72}},"line":420},"67":{"name":"(anonymous_67)","decl":{"start":{"line":421,"column":17},"end":{"line":421,"column":18}},"loc":{"start":{"line":421,"column":29},"end":{"line":421,"column":72}},"line":421},"68":{"name":"(anonymous_68)","decl":{"start":{"line":422,"column":18},"end":{"line":422,"column":19}},"loc":{"start":{"line":422,"column":30},"end":{"line":422,"column":77}},"line":422},"69":{"name":"(anonymous_69)","decl":{"start":{"line":423,"column":20},"end":{"line":423,"column":21}},"loc":{"start":{"line":423,"column":32},"end":{"line":431,"column":13}},"line":423},"70":{"name":"(anonymous_70)","decl":{"start":{"line":432,"column":20},"end":{"line":432,"column":21}},"loc":{"start":{"line":432,"column":32},"end":{"line":447,"column":13}},"line":432},"71":{"name":"(anonymous_71)","decl":{"start":{"line":450,"column":20},"end":{"line":450,"column":21}},"loc":{"start":{"line":450,"column":47},"end":{"line":466,"column":5}},"line":450},"72":{"name":"(anonymous_72)","decl":{"start":{"line":453,"column":38},"end":{"line":453,"column":39}},"loc":{"start":{"line":453,"column":53},"end":{"line":453,"column":85}},"line":453},"73":{"name":"(anonymous_73)","decl":{"start":{"line":467,"column":22},"end":{"line":467,"column":23}},"loc":{"start":{"line":467,"column":49},"end":{"line":483,"column":5}},"line":467},"74":{"name":"(anonymous_74)","decl":{"start":{"line":484,"column":26},"end":{"line":484,"column":27}},"loc":{"start":{"line":484,"column":49},"end":{"line":526,"column":5}},"line":484},"75":{"name":"(anonymous_75)","decl":{"start":{"line":500,"column":22},"end":{"line":500,"column":23}},"loc":{"start":{"line":500,"column":39},"end":{"line":503,"column":17}},"line":500},"76":{"name":"(anonymous_76)","decl":{"start":{"line":504,"column":22},"end":{"line":504,"column":23}},"loc":{"start":{"line":504,"column":34},"end":{"line":506,"column":17}},"line":504},"77":{"name":"(anonymous_77)","decl":{"start":{"line":513,"column":17},"end":{"line":513,"column":18}},"loc":{"start":{"line":513,"column":30},"end":{"line":513,"column":59}},"line":513},"78":{"name":"(anonymous_78)","decl":{"start":{"line":514,"column":18},"end":{"line":514,"column":19}},"loc":{"start":{"line":514,"column":31},"end":{"line":514,"column":84}},"line":514},"79":{"name":"(anonymous_79)","decl":{"start":{"line":515,"column":18},"end":{"line":515,"column":19}},"loc":{"start":{"line":515,"column":31},"end":{"line":515,"column":84}},"line":515},"80":{"name":"(anonymous_80)","decl":{"start":{"line":516,"column":18},"end":{"line":516,"column":19}},"loc":{"start":{"line":516,"column":31},"end":{"line":516,"column":84}},"line":516},"81":{"name":"(anonymous_81)","decl":{"start":{"line":517,"column":18},"end":{"line":517,"column":19}},"loc":{"start":{"line":517,"column":31},"end":{"line":517,"column":84}},"line":517},"82":{"name":"(anonymous_82)","decl":{"start":{"line":518,"column":18},"end":{"line":518,"column":19}},"loc":{"start":{"line":518,"column":31},"end":{"line":518,"column":84}},"line":518},"83":{"name":"(anonymous_83)","decl":{"start":{"line":519,"column":19},"end":{"line":519,"column":20}},"loc":{"start":{"line":519,"column":32},"end":{"line":519,"column":86}},"line":519},"84":{"name":"(anonymous_84)","decl":{"start":{"line":520,"column":19},"end":{"line":520,"column":20}},"loc":{"start":{"line":520,"column":32},"end":{"line":520,"column":86}},"line":520},"85":{"name":"(anonymous_85)","decl":{"start":{"line":521,"column":20},"end":{"line":521,"column":21}},"loc":{"start":{"line":521,"column":33},"end":{"line":521,"column":88}},"line":521},"86":{"name":"(anonymous_86)","decl":{"start":{"line":522,"column":18},"end":{"line":522,"column":19}},"loc":{"start":{"line":522,"column":31},"end":{"line":522,"column":84}},"line":522},"87":{"name":"(anonymous_87)","decl":{"start":{"line":523,"column":18},"end":{"line":523,"column":19}},"loc":{"start":{"line":523,"column":31},"end":{"line":523,"column":84}},"line":523},"88":{"name":"(anonymous_88)","decl":{"start":{"line":524,"column":18},"end":{"line":524,"column":19}},"loc":{"start":{"line":524,"column":31},"end":{"line":524,"column":84}},"line":524},"89":{"name":"(anonymous_89)","decl":{"start":{"line":527,"column":23},"end":{"line":527,"column":24}},"loc":{"start":{"line":527,"column":46},"end":{"line":532,"column":5}},"line":527},"90":{"name":"(anonymous_90)","decl":{"start":{"line":529,"column":18},"end":{"line":529,"column":19}},"loc":{"start":{"line":529,"column":30},"end":{"line":529,"column":99}},"line":529},"91":{"name":"(anonymous_91)","decl":{"start":{"line":530,"column":18},"end":{"line":530,"column":19}},"loc":{"start":{"line":530,"column":30},"end":{"line":530,"column":99}},"line":530},"92":{"name":"(anonymous_92)","decl":{"start":{"line":533,"column":27},"end":{"line":533,"column":28}},"loc":{"start":{"line":533,"column":50},"end":{"line":537,"column":5}},"line":533},"93":{"name":"(anonymous_93)","decl":{"start":{"line":538,"column":19},"end":{"line":538,"column":20}},"loc":{"start":{"line":538,"column":42},"end":{"line":543,"column":5}},"line":538},"94":{"name":"(anonymous_94)","decl":{"start":{"line":541,"column":38},"end":{"line":541,"column":39}},"loc":{"start":{"line":541,"column":53},"end":{"line":541,"column":85}},"line":541},"95":{"name":"(anonymous_95)","decl":{"start":{"line":545,"column":29},"end":{"line":545,"column":30}},"loc":{"start":{"line":545,"column":52},"end":{"line":570,"column":5}},"line":545},"96":{"name":"(anonymous_96)","decl":{"start":{"line":546,"column":19},"end":{"line":546,"column":20}},"loc":{"start":{"line":546,"column":31},"end":{"line":567,"column":9}},"line":546},"97":{"name":"(anonymous_97)","decl":{"start":{"line":571,"column":21},"end":{"line":571,"column":22}},"loc":{"start":{"line":571,"column":44},"end":{"line":577,"column":5}},"line":571},"98":{"name":"(anonymous_98)","decl":{"start":{"line":574,"column":18},"end":{"line":574,"column":19}},"loc":{"start":{"line":574,"column":34},"end":{"line":574,"column":63}},"line":574},"99":{"name":"(anonymous_99)","decl":{"start":{"line":575,"column":17},"end":{"line":575,"column":18}},"loc":{"start":{"line":575,"column":36},"end":{"line":575,"column":72}},"line":575},"100":{"name":"(anonymous_100)","decl":{"start":{"line":578,"column":21},"end":{"line":578,"column":22}},"loc":{"start":{"line":578,"column":44},"end":{"line":580,"column":5}},"line":578},"101":{"name":"(anonymous_101)","decl":{"start":{"line":581,"column":22},"end":{"line":581,"column":23}},"loc":{"start":{"line":581,"column":45},"end":{"line":671,"column":5}},"line":581},"102":{"name":"(anonymous_102)","decl":{"start":{"line":582,"column":46},"end":{"line":582,"column":47}},"loc":{"start":{"line":582,"column":59},"end":{"line":582,"column":134}},"line":582},"103":{"name":"(anonymous_103)","decl":{"start":{"line":583,"column":44},"end":{"line":583,"column":45}},"loc":{"start":{"line":583,"column":57},"end":{"line":583,"column":132}},"line":583},"104":{"name":"(anonymous_104)","decl":{"start":{"line":584,"column":47},"end":{"line":584,"column":48}},"loc":{"start":{"line":584,"column":60},"end":{"line":584,"column":109}},"line":584},"105":{"name":"(anonymous_105)","decl":{"start":{"line":596,"column":21},"end":{"line":596,"column":22}},"loc":{"start":{"line":596,"column":43},"end":{"line":669,"column":9}},"line":596},"106":{"name":"Class","decl":{"start":{"line":600,"column":21},"end":{"line":600,"column":26}},"loc":{"start":{"line":600,"column":29},"end":{"line":628,"column":13}},"line":600},"107":{"name":"(anonymous_107)","decl":{"start":{"line":614,"column":35},"end":{"line":614,"column":36}},"loc":{"start":{"line":614,"column":48},"end":{"line":614,"column":90}},"line":614},"108":{"name":"(anonymous_108)","decl":{"start":{"line":617,"column":47},"end":{"line":617,"column":48}},"loc":{"start":{"line":617,"column":63},"end":{"line":624,"column":21}},"line":617},"109":{"name":"(anonymous_109)","decl":{"start":{"line":630,"column":21},"end":{"line":630,"column":22}},"loc":{"start":{"line":630,"column":39},"end":{"line":659,"column":13}},"line":630},"110":{"name":"(anonymous_110)","decl":{"start":{"line":632,"column":27},"end":{"line":632,"column":28}},"loc":{"start":{"line":632,"column":39},"end":{"line":651,"column":17}},"line":632},"111":{"name":"(anonymous_111)","decl":{"start":{"line":639,"column":42},"end":{"line":639,"column":43}},"loc":{"start":{"line":639,"column":58},"end":{"line":643,"column":21}},"line":639},"112":{"name":"(anonymous_112)","decl":{"start":{"line":672,"column":17},"end":{"line":672,"column":18}},"loc":{"start":{"line":672,"column":44},"end":{"line":675,"column":5}},"line":672},"113":{"name":"(anonymous_113)","decl":{"start":{"line":676,"column":11},"end":{"line":676,"column":12}},"loc":{"start":{"line":676,"column":34},"end":{"line":678,"column":5}},"line":676},"114":{"name":"(anonymous_114)","decl":{"start":{"line":677,"column":15},"end":{"line":677,"column":16}},"loc":{"start":{"line":677,"column":27},"end":{"line":677,"column":30}},"line":677},"115":{"name":"(anonymous_115)","decl":{"start":{"line":679,"column":19},"end":{"line":679,"column":20}},"loc":{"start":{"line":679,"column":42},"end":{"line":681,"column":5}},"line":679},"116":{"name":"evaluate","decl":{"start":{"line":683,"column":9},"end":{"line":683,"column":17}},"loc":{"start":{"line":683,"column":36},"end":{"line":690,"column":1}},"line":683}},"branchMap":{"0":{"loc":{"start":{"line":18,"column":12},"end":{"line":28,"column":13}},"type":"if","locations":[{"start":{"line":18,"column":12},"end":{"line":28,"column":13}},{"start":{"line":18,"column":12},"end":{"line":28,"column":13}}],"line":18},"1":{"loc":{"start":{"line":21,"column":17},"end":{"line":28,"column":13}},"type":"if","locations":[{"start":{"line":21,"column":17},"end":{"line":28,"column":13}},{"start":{"line":21,"column":17},"end":{"line":28,"column":13}}],"line":21},"2":{"loc":{"start":{"line":24,"column":20},"end":{"line":26,"column":21}},"type":"if","locations":[{"start":{"line":24,"column":20},"end":{"line":26,"column":21}},{"start":{"line":24,"column":20},"end":{"line":26,"column":21}}],"line":24},"3":{"loc":{"start":{"line":32,"column":12},"end":{"line":34,"column":13}},"type":"if","locations":[{"start":{"line":32,"column":12},"end":{"line":34,"column":13}},{"start":{"line":32,"column":12},"end":{"line":34,"column":13}}],"line":32},"4":{"loc":{"start":{"line":38,"column":8},"end":{"line":40,"column":9}},"type":"if","locations":[{"start":{"line":38,"column":8},"end":{"line":40,"column":9}},{"start":{"line":38,"column":8},"end":{"line":40,"column":9}}],"line":38},"5":{"loc":{"start":{"line":42,"column":8},"end":{"line":48,"column":9}},"type":"if","locations":[{"start":{"line":42,"column":8},"end":{"line":48,"column":9}},{"start":{"line":42,"column":8},"end":{"line":48,"column":9}}],"line":42},"6":{"loc":{"start":{"line":63,"column":8},"end":{"line":68,"column":9}},"type":"if","locations":[{"start":{"line":63,"column":8},"end":{"line":68,"column":9}},{"start":{"line":63,"column":8},"end":{"line":68,"column":9}}],"line":63},"7":{"loc":{"start":{"line":66,"column":13},"end":{"line":68,"column":9}},"type":"if","locations":[{"start":{"line":66,"column":13},"end":{"line":68,"column":9}},{"start":{"line":66,"column":13},"end":{"line":68,"column":9}}],"line":66},"8":{"loc":{"start":{"line":76,"column":12},"end":{"line":86,"column":13}},"type":"if","locations":[{"start":{"line":76,"column":12},"end":{"line":86,"column":13}},{"start":{"line":76,"column":12},"end":{"line":86,"column":13}}],"line":76},"9":{"loc":{"start":{"line":79,"column":17},"end":{"line":86,"column":13}},"type":"if","locations":[{"start":{"line":79,"column":17},"end":{"line":86,"column":13}},{"start":{"line":79,"column":17},"end":{"line":86,"column":13}}],"line":79},"10":{"loc":{"start":{"line":82,"column":20},"end":{"line":84,"column":21}},"type":"if","locations":[{"start":{"line":82,"column":20},"end":{"line":84,"column":21}},{"start":{"line":82,"column":20},"end":{"line":84,"column":21}}],"line":82},"11":{"loc":{"start":{"line":88,"column":24},"end":{"line":88,"column":83}},"type":"cond-expr","locations":[{"start":{"line":88,"column":42},"end":{"line":88,"column":47}},{"start":{"line":88,"column":50},"end":{"line":88,"column":83}}],"line":88},"12":{"loc":{"start":{"line":92,"column":12},"end":{"line":96,"column":13}},"type":"if","locations":[{"start":{"line":92,"column":12},"end":{"line":96,"column":13}},{"start":{"line":92,"column":12},"end":{"line":96,"column":13}}],"line":92},"13":{"loc":{"start":{"line":92,"column":16},"end":{"line":94,"column":40}},"type":"binary-expr","locations":[{"start":{"line":92,"column":16},"end":{"line":92,"column":39}},{"start":{"line":93,"column":16},"end":{"line":93,"column":42}},{"start":{"line":94,"column":16},"end":{"line":94,"column":40}}],"line":92},"14":{"loc":{"start":{"line":116,"column":31},"end":{"line":118,"column":23}},"type":"cond-expr","locations":[{"start":{"line":117,"column":14},"end":{"line":117,"column":72}},{"start":{"line":118,"column":14},"end":{"line":118,"column":23}}],"line":116},"15":{"loc":{"start":{"line":126,"column":24},"end":{"line":128,"column":27}},"type":"cond-expr","locations":[{"start":{"line":127,"column":18},"end":{"line":127,"column":49}},{"start":{"line":128,"column":18},"end":{"line":128,"column":27}}],"line":126},"16":{"loc":{"start":{"line":129,"column":12},"end":{"line":131,"column":13}},"type":"if","locations":[{"start":{"line":129,"column":12},"end":{"line":131,"column":13}},{"start":{"line":129,"column":12},"end":{"line":131,"column":13}}],"line":129},"17":{"loc":{"start":{"line":136,"column":8},"end":{"line":138,"column":9}},"type":"if","locations":[{"start":{"line":136,"column":8},"end":{"line":138,"column":9}},{"start":{"line":136,"column":8},"end":{"line":138,"column":9}}],"line":136},"18":{"loc":{"start":{"line":141,"column":8},"end":{"line":148,"column":9}},"type":"if","locations":[{"start":{"line":141,"column":8},"end":{"line":148,"column":9}},{"start":{"line":141,"column":8},"end":{"line":148,"column":9}}],"line":141},"19":{"loc":{"start":{"line":155,"column":125},"end":{"line":155,"column":174}},"type":"cond-expr","locations":[{"start":{"line":155,"column":137},"end":{"line":155,"column":167}},{"start":{"line":155,"column":170},"end":{"line":155,"column":174}}],"line":155},"20":{"loc":{"start":{"line":155,"column":176},"end":{"line":155,"column":231}},"type":"cond-expr","locations":[{"start":{"line":155,"column":190},"end":{"line":155,"column":222}},{"start":{"line":155,"column":225},"end":{"line":155,"column":231}}],"line":155},"21":{"loc":{"start":{"line":157,"column":12},"end":{"line":165,"column":13}},"type":"if","locations":[{"start":{"line":157,"column":12},"end":{"line":165,"column":13}},{"start":{"line":157,"column":12},"end":{"line":165,"column":13}}],"line":157},"22":{"loc":{"start":{"line":160,"column":17},"end":{"line":165,"column":13}},"type":"if","locations":[{"start":{"line":160,"column":17},"end":{"line":165,"column":13}},{"start":{"line":160,"column":17},"end":{"line":165,"column":13}}],"line":160},"23":{"loc":{"start":{"line":163,"column":17},"end":{"line":165,"column":13}},"type":"if","locations":[{"start":{"line":163,"column":17},"end":{"line":165,"column":13}},{"start":{"line":163,"column":17},"end":{"line":165,"column":13}}],"line":163},"24":{"loc":{"start":{"line":177,"column":12},"end":{"line":185,"column":13}},"type":"if","locations":[{"start":{"line":177,"column":12},"end":{"line":185,"column":13}},{"start":{"line":177,"column":12},"end":{"line":185,"column":13}}],"line":177},"25":{"loc":{"start":{"line":180,"column":17},"end":{"line":185,"column":13}},"type":"if","locations":[{"start":{"line":180,"column":17},"end":{"line":185,"column":13}},{"start":{"line":180,"column":17},"end":{"line":185,"column":13}}],"line":180},"26":{"loc":{"start":{"line":183,"column":17},"end":{"line":185,"column":13}},"type":"if","locations":[{"start":{"line":183,"column":17},"end":{"line":185,"column":13}},{"start":{"line":183,"column":17},"end":{"line":185,"column":13}}],"line":183},"27":{"loc":{"start":{"line":193,"column":12},"end":{"line":201,"column":13}},"type":"if","locations":[{"start":{"line":193,"column":12},"end":{"line":201,"column":13}},{"start":{"line":193,"column":12},"end":{"line":201,"column":13}}],"line":193},"28":{"loc":{"start":{"line":196,"column":17},"end":{"line":201,"column":13}},"type":"if","locations":[{"start":{"line":196,"column":17},"end":{"line":201,"column":13}},{"start":{"line":196,"column":17},"end":{"line":201,"column":13}}],"line":196},"29":{"loc":{"start":{"line":199,"column":17},"end":{"line":201,"column":13}},"type":"if","locations":[{"start":{"line":199,"column":17},"end":{"line":201,"column":13}},{"start":{"line":199,"column":17},"end":{"line":201,"column":13}}],"line":199},"30":{"loc":{"start":{"line":209,"column":12},"end":{"line":217,"column":13}},"type":"if","locations":[{"start":{"line":209,"column":12},"end":{"line":217,"column":13}},{"start":{"line":209,"column":12},"end":{"line":217,"column":13}}],"line":209},"31":{"loc":{"start":{"line":212,"column":17},"end":{"line":217,"column":13}},"type":"if","locations":[{"start":{"line":212,"column":17},"end":{"line":217,"column":13}},{"start":{"line":212,"column":17},"end":{"line":217,"column":13}}],"line":212},"32":{"loc":{"start":{"line":215,"column":17},"end":{"line":217,"column":13}},"type":"if","locations":[{"start":{"line":215,"column":17},"end":{"line":217,"column":13}},{"start":{"line":215,"column":17},"end":{"line":217,"column":13}}],"line":215},"33":{"loc":{"start":{"line":232,"column":12},"end":{"line":241,"column":13}},"type":"if","locations":[{"start":{"line":232,"column":12},"end":{"line":241,"column":13}},{"start":{"line":232,"column":12},"end":{"line":241,"column":13}}],"line":232},"34":{"loc":{"start":{"line":244,"column":12},"end":{"line":245,"column":55}},"type":"if","locations":[{"start":{"line":244,"column":12},"end":{"line":245,"column":55}},{"start":{"line":244,"column":12},"end":{"line":245,"column":55}}],"line":244},"35":{"loc":{"start":{"line":255,"column":12},"end":{"line":258,"column":13}},"type":"if","locations":[{"start":{"line":255,"column":12},"end":{"line":258,"column":13}},{"start":{"line":255,"column":12},"end":{"line":258,"column":13}}],"line":255},"36":{"loc":{"start":{"line":255,"column":16},"end":{"line":256,"column":81}},"type":"binary-expr","locations":[{"start":{"line":255,"column":16},"end":{"line":255,"column":24}},{"start":{"line":256,"column":17},"end":{"line":256,"column":28}},{"start":{"line":256,"column":32},"end":{"line":256,"column":80}}],"line":255},"37":{"loc":{"start":{"line":259,"column":12},"end":{"line":267,"column":13}},"type":"if","locations":[{"start":{"line":259,"column":12},"end":{"line":267,"column":13}},{"start":{"line":259,"column":12},"end":{"line":267,"column":13}}],"line":259},"38":{"loc":{"start":{"line":261,"column":16},"end":{"line":266,"column":17}},"type":"if","locations":[{"start":{"line":261,"column":16},"end":{"line":266,"column":17}},{"start":{"line":261,"column":16},"end":{"line":266,"column":17}}],"line":261},"39":{"loc":{"start":{"line":264,"column":21},"end":{"line":266,"column":17}},"type":"if","locations":[{"start":{"line":264,"column":21},"end":{"line":266,"column":17}},{"start":{"line":264,"column":21},"end":{"line":266,"column":17}}],"line":264},"40":{"loc":{"start":{"line":264,"column":25},"end":{"line":264,"column":79}},"type":"binary-expr","locations":[{"start":{"line":264,"column":25},"end":{"line":264,"column":51}},{"start":{"line":264,"column":55},"end":{"line":264,"column":79}}],"line":264},"41":{"loc":{"start":{"line":274,"column":12},"end":{"line":278,"column":13}},"type":"if","locations":[{"start":{"line":274,"column":12},"end":{"line":278,"column":13}},{"start":{"line":274,"column":12},"end":{"line":278,"column":13}}],"line":274},"42":{"loc":{"start":{"line":274,"column":16},"end":{"line":276,"column":40}},"type":"binary-expr","locations":[{"start":{"line":274,"column":16},"end":{"line":274,"column":39}},{"start":{"line":275,"column":16},"end":{"line":275,"column":42}},{"start":{"line":276,"column":16},"end":{"line":276,"column":40}}],"line":274},"43":{"loc":{"start":{"line":284,"column":8},"end":{"line":305,"column":9}},"type":"if","locations":[{"start":{"line":284,"column":8},"end":{"line":305,"column":9}},{"start":{"line":284,"column":8},"end":{"line":305,"column":9}}],"line":284},"44":{"loc":{"start":{"line":287,"column":12},"end":{"line":288,"column":51}},"type":"if","locations":[{"start":{"line":287,"column":12},"end":{"line":288,"column":51}},{"start":{"line":287,"column":12},"end":{"line":288,"column":51}}],"line":287},"45":{"loc":{"start":{"line":290,"column":13},"end":{"line":305,"column":9}},"type":"if","locations":[{"start":{"line":290,"column":13},"end":{"line":305,"column":9}},{"start":{"line":290,"column":13},"end":{"line":305,"column":9}}],"line":290},"46":{"loc":{"start":{"line":293,"column":29},"end":{"line":295,"column":40}},"type":"cond-expr","locations":[{"start":{"line":294,"column":18},"end":{"line":294,"column":52}},{"start":{"line":295,"column":18},"end":{"line":295,"column":40}}],"line":293},"47":{"loc":{"start":{"line":307,"column":59},"end":{"line":307,"column":77}},"type":"cond-expr","locations":[{"start":{"line":307,"column":68},"end":{"line":307,"column":71}},{"start":{"line":307,"column":74},"end":{"line":307,"column":77}}],"line":307},"48":{"loc":{"start":{"line":308,"column":59},"end":{"line":308,"column":77}},"type":"cond-expr","locations":[{"start":{"line":308,"column":68},"end":{"line":308,"column":71}},{"start":{"line":308,"column":74},"end":{"line":308,"column":77}}],"line":308},"49":{"loc":{"start":{"line":313,"column":15},"end":{"line":313,"column":48}},"type":"cond-expr","locations":[{"start":{"line":313,"column":26},"end":{"line":313,"column":41}},{"start":{"line":313,"column":44},"end":{"line":313,"column":48}}],"line":313},"50":{"loc":{"start":{"line":321,"column":12},"end":{"line":327,"column":13}},"type":"if","locations":[{"start":{"line":321,"column":12},"end":{"line":327,"column":13}},{"start":{"line":321,"column":12},"end":{"line":327,"column":13}}],"line":321},"51":{"loc":{"start":{"line":335,"column":12},"end":{"line":365,"column":13}},"type":"if","locations":[{"start":{"line":335,"column":12},"end":{"line":365,"column":13}},{"start":{"line":335,"column":12},"end":{"line":365,"column":13}}],"line":335},"52":{"loc":{"start":{"line":336,"column":16},"end":{"line":341,"column":17}},"
[...]
0,"375":0,"376":0,"377":0,"378":0,"379":0,"380":0,"381":0,"382":0,"383":0,"384":0,"385":0,"386":0,"387":0,"388":0,"389":0,"390":0,"391":0,"392":0,"393":70,"394":56,"395":70,"396":70,"397":0,"398":70,"399":1},"f":{"0":2,"1":2,"2":12,"3":0,"4":16,"5":0,"6":3,"7":0,"8":0,"9":6,"10":0,"11":0,"12":0,"13":0,"14":0,"15":6,"16":0,"17":0,"18":2,"19":2,"20":0,"21":0,"22":0,"23":0,"24":0,"25":0,"26":0,"27":6,"28":6,"29":0,"30":0,"31":0,"32":0,"33":0,"34":0,"35":0,"36":0,"37":0,"38":0,"39":2,"40":6,"41":5,"42":0,"43":0,"44":5,"45":0,"46":0,"47":0,"48":0,"49":0,"50":0,"51":0,"52":0,"53":0,"54":0,"55":0,"56":0,"57":0,"58":0,"59":0,"60":0,"61":0,"62":0,"63":0,"64":0,"65":0,"66":0,"67":0,"68":0,"69":0,"70":0,"71":0,"72":0,"73":0,"74":2,"75":2,"76":0,"77":2,"78":0,"79":0,"80":0,"81":0,"82":0,"83":0,"84":0,"85":0,"86":0,"87":0,"88":0,"89":0,"90":0,"91":0,"92":0,"93":0,"94":0,"95":0,"96":0,"97":0,"98":0,"99":0,"100":0,"101":0,"102":0,"103":0,"104":0,"105":0,"106":0,"107":0,"108":0,"109":0,"110":0,"111":0,"112":0,"113":0,"114":0,"115":0,"116":70},"b":{"0":[2,2],"1":[0,2],"2":[0,0],"3":[2,2],"4":[0,12],"5":[12,0],"6":[0,0],"7":[0,0],"8":[0,6],"9":[0,6],"10":[0,0],"11":[6,0],"12":[6,0],"13":[6,6,6],"14":[6,0],"15":[0,0],"16":[0,0],"17":[0,0],"18":[0,2],"19":[0,0],"20":[0,0],"21":[0,0],"22":[0,0],"23":[0,0],"24":[0,0],"25":[0,0],"26":[0,0],"27":[0,0],"28":[0,0],"29":[0,0],"30":[0,0],"31":[0,0],"32":[0,0],"33":[0,0],"34":[0,0],"35":[6,6],"36":[12,12,10],"37":[6,6],"38":[0,6],"39":[6,0],"40":[6,6],"41":[6,0],"42":[6,6,6],"43":[0,0],"44":[0,0],"45":[0,0],"46":[0,0],"47":[0,0],"48":[0,0],"49":[0,0],"50":[0,0],"51":[0,0],"52":[0,0],"53":[0,0],"54":[0,0,0,0],"55":[0,0],"56":[6,0],"57":[0,0],"58":[0,0],"59":[0,0],"60":[0,0],"61":[0,0],"62":[0,0],"63":[0,0],"64":[0,0],"65":[0,0],"66":[0,0],"67":[0,0],"68":[0,0],"69":[0,2],"70":[0,0],"71":[2,0],"72":[0,2],"73":[0,0],"74":[0,0],"75":[0,0],"76":[0,0],"77":[0,0],"78":[0,0],"79":[0,0],"80":[0,0],"81":[0,0],"82":[0,0],"83":[0,0],"84":[0,0],"85":[0,0],"86":[0,0],"87":[0,0],"88":[0,0],"89":[0,0],"90":[56,14],"91":[0,70]},"_coverageSchema":"332fd63041d2c1bcb487cc26dd0d5f7d97098a6c","hash":"3074a4913f651905edaec0953a678979107bfb2b","contentHash":"7c588f8b332244cb5d4570e822b725ed_11.4.1"},"/Users/axetroy/gpm/github.com/axetroy/vm/build/src/error.js":{"path":"/Users/axetroy/gpm/github.com/axetroy/vm/build/src/error.js","statementMap":{"0":{"start":{"line":2,"column":16},"end":{"line":11,"column":4}},"1":{"start":{"line":3,"column":24},"end":{"line":5,"column":82}},"2":{"start":{"line":4,"column":65},"end":{"line":4,"column":81}},"3":{"start":{"line":5,"column":26},"end":{"line":5,"column":80}},"4":{"start":{"line":5,"column":43},"end":{"line":5,"column":80}},"5":{"start":{"line":5,"column":68},"end":{"line":5,"column":80}},"6":{"start":{"line":6,"column":4},"end":{"line":10,"column":6}},"7":{"start":{"line":7,"column":8},"end":{"line":7,"column":28}},"8":{"start":{"line":8,"column":24},"end":{"line":8,"column":45}},"9":{"start":{"line":9,"column":8},"end":{"line":9,"column":93}},"10":{"start":{"line":12,"column":0},"end":{"line":12,"column":62}},"11":{"start":{"line":13,"column":35},"end":{"line":19,"column":17}},"12":{"start":{"line":14,"column":4},"end":{"line":14,"column":37}},"13":{"start":{"line":16,"column":8},"end":{"line":16,"column":70}},"14":{"start":{"line":18,"column":4},"end":{"line":18,"column":25}},"15":{"start":{"line":20,"column":0},"end":{"line":20,"column":38}},"16":{"start":{"line":21,"column":35},"end":{"line":27,"column":14}},"17":{"start":{"line":22,"column":4},"end":{"line":22,"column":37}},"18":{"start":{"line":24,"column":8},"end":{"line":24,"column":87}},"19":{"start":{"line":26,"column":4},"end":{"line":26,"column":25}},"20":{"start":{"line":28,"column":0},"end":{"line":28,"column":38}},"21":{"start":{"line":29,"column":41},"end":{"line":35,"column":14}},"22":{"start":{"line":30,"column":4},"end":{"line":30,"column":43}},"23":{"start":{"line":32,"column":8},"end":{"line":32,"column":99}},"24":{"start":{"line":34,"column":4},"end":{"line":34,"column":31}},"25":{"start":{"line":36,"column":0},"end":{"line":36,"column":50}}},"fnMap":{"0":{"name":"(anonymous_0)","decl":{"start":{"line":2,"column":45},"end":{"line":2,"column":46}},"loc":{"start":{"line":2,"column":57},"end":{"line":11,"column":1}},"line":2},"1":{"name":"(anonymous_1)","decl":{"start":{"line":4,"column":47},"end":{"line":4,"column":48}},"loc":{"start":{"line":4,"column":63},"end":{"line":4,"column":83}},"line":4},"2":{"name":"(anonymous_2)","decl":{"start":{"line":5,"column":8},"end":{"line":5,"column":9}},"loc":{"start":{"line":5,"column":24},"end":{"line":5,"column":82}},"line":5},"3":{"name":"(anonymous_3)","decl":{"start":{"line":6,"column":11},"end":{"line":6,"column":12}},"loc":{"start":{"line":6,"column":27},"end":{"line":10,"column":5}},"line":6},"4":{"name":"__","decl":{"start":{"line":8,"column":17},"end":{"line":8,"column":19}},"loc":{"start":{"line":8,"column":22},"end":{"line":8,"column":47}},"line":8},"5":{"name":"(anonymous_5)","decl":{"start":{"line":13,"column":35},"end":{"line":13,"column":36}},"loc":{"start":{"line":13,"column":53},"end":{"line":19,"column":1}},"line":13},"6":{"name":"ErrNotDefined","decl":{"start":{"line":15,"column":13},"end":{"line":15,"column":26}},"loc":{"start":{"line":15,"column":36},"end":{"line":17,"column":5}},"line":15},"7":{"name":"(anonymous_7)","decl":{"start":{"line":21,"column":35},"end":{"line":21,"column":36}},"loc":{"start":{"line":21,"column":53},"end":{"line":27,"column":1}},"line":21},"8":{"name":"ErrNotSupport","decl":{"start":{"line":23,"column":13},"end":{"line":23,"column":26}},"loc":{"start":{"line":23,"column":35},"end":{"line":25,"column":5}},"line":23},"9":{"name":"(anonymous_9)","decl":{"start":{"line":29,"column":41},"end":{"line":29,"column":42}},"loc":{"start":{"line":29,"column":59},"end":{"line":35,"column":1}},"line":29},"10":{"name":"ErrDuplicateDeclard","decl":{"start":{"line":31,"column":13},"end":{"line":31,"column":32}},"loc":{"start":{"line":31,"column":42},"end":{"line":33,"column":5}},"line":31}},"branchMap":{"0":{"loc":{"start":{"line":2,"column":16},"end":{"line":11,"column":4}},"type":"binary-expr","locations":[{"start":{"line":2,"column":17},"end":{"line":2,"column":21}},{"start":{"line":2,"column":25},"end":{"line":2,"column":39}},{"start":{"line":2,"column":44},"end":{"line":11,"column":4}}],"line":2},"1":{"loc":{"start":{"line":3,"column":24},"end":{"line":5,"column":82}},"type":"binary-expr","locations":[{"start":{"line":3,"column":24},"end":{"line":3,"column":45}},{"start":{"line":4,"column":9},"end":{"line":4,"column":43}},{"start":{"line":4,"column":47},"end":{"line":4,"column":83}},{"start":{"line":5,"column":8},"end":{"line":5,"column":82}}],"line":3},"2":{"loc":{"start":{"line":5,"column":43},"end":{"line":5,"column":80}},"type":"if","locations":[{"start":{"line":5,"column":43},"end":{"line":5,"column":80}},{"start":{"line":5,"column":43},"end":{"line":5,"column":80}}],"line":5},"3":{"loc":{"start":{"line":9,"column":22},"end":{"line":9,"column":92}},"type":"cond-expr","locations":[{"start":{"line":9,"column":35},"end":{"line":9,"column":51}},{"start":{"line":9,"column":55},"end":{"line":9,"column":91}}],"line":9},"4":{"loc":{"start":{"line":16,"column":15},"end":{"line":16,"column":69}},"type":"binary-expr","locations":[{"start":{"line":16,"column":15},"end":{"line":16,"column":61}},{"start":{"line":16,"column":65},"end":{"line":16,"column":69}}],"line":16},"5":{"loc":{"start":{"line":24,"column":15},"end":{"line":24,"column":86}},"type":"binary-expr","locations":[{"start":{"line":24,"column":15},"end":{"line":24,"column":78}},{"start":{"line":24,"column":82},"end":{"line":24,"column":86}}],"line":24},"6":{"loc":{"start":{"line":32,"column":15},"end":{"line":32,"column":98}},"type":"binary-expr","locations":[{"start":{"line":32,"column":15},"end":{"line":32,"column":90}},{"start":{"line":32,"column":94},"end":{"line":32,"column":98}}],"line":32}},"s":{"0":1,"1":1,"2":0,"3":0,"4":0,"5":0,"6":1,"7":3,"8":3,"9":3,"10":1,"11":1,"12":1,"13":0,"14":1,"15":1,"16":1,"17":1,"18":0,"19":1,"20":1,"21":1,"22":1,"23":0,"24":1,"25":1},"f":{"0":1,"1":0,"2":0,"3":3,"4":3,"5":1,"6":0,"7":1,"8":0,"9":1,"10":0},"b":{"0":[1,1,1],"1":[1,0,0,0],"2":[0,0],"3":[0,3],"4":[0,0],"5":[0,0],"6":[0,0]},"_coverageSchema":"332fd63041d2c1bcb487cc26dd0d5f7d97098a6c","hash":"fb3c8f6d6b410cbebb147a9dcbd51b62f0c6e099","contentHash":"e8d7af934396067b465c1d1b7d8ac34f_11.4.1"},"/Users/axetroy/gpm/github.com/axetroy/vm/build/src/runtime.js":{"path":"/Users/axetroy/gpm/github.com/axetroy/vm/build/src/runtime.js","statementMap":{"0":{"start":{"line":2,"column":0},"end":{"line":2,"column":62}},"1":{"start":{"line":4,"column":4},"end":{"line":6,"column":5}},"2":{"start":{"line":5,"column":8},"end":{"line":5,"column":65}},"3":{"start":{"line":8,"column":0},"end":{"line":8,"column":42}},"4":{"start":{"line":9,"column":0},"end":{"line":27,"column":5}},"5":{"start":{"line":11,"column":8},"end":{"line":18,"column":9}},"6":{"start":{"line":12,"column":29},"end":{"line":12,"column":37}},"7":{"start":{"line":13,"column":12},"end":{"line":13,"column":67}},"8":{"start":{"line":14,"column":12},"end":{"line":14,"column":43}},"9":{"start":{"line":15,"column":12},"end":{"line":16,"column":43}},"10":{"start":{"line":16,"column":16},"end":{"line":16,"column":43}},"11":{"start":{"line":17,"column":12},"end":{"line":17,"column":70}},"12":{"start":{"line":20,"column":4},"end":{"line":26,"column":6}},"13":{"start":{"line":21,"column":8},"end":{"line":22,"column":64}},"14":{"start":{"line":22,"column":12},"end":{"line":22,"column":64}},"15":{"start":{"line":23,"column":8},"end":{"line":24,"column":55}},"16":{"start":{"line":24,"column":12},"end":{"line":24,"column":55}},"17":{"start":{"line":25,"column":8},"end":{"line":25,"column":27}},"18":{"start":{"line":29,"column":4},"end":{"line":31,"column":5}},"19":{"start":{"line":30,"column":8},"end":{"line":30,"column":94}},"20":{"start":{"line":32,"column":4},"end":{"line":34,"column":15}},"21":{"start":{"line":36,"column":0},"end":{"line":36,"column":64}},"22":{"start":{"line":38,"column":4},"end":{"line":41,"column":5}},"23":{"start":{"line":39,"column":8},"end":{"line":40,"column":31}},"24":{"start":{"line":42,"column":4},"end":{"line":49,"column":7}},"25":{"start":{"line":50,"column":4},"end":{"line":53,"column":48}},"26":{"start":{"line":51,"column":8},"end":{"line":53,"column":48}},"27":{"start":{"line":55,"column":0},"end":{"line":55,"column":30}},"28":{"start":{"line":56,"column":0},"end":{"line":67,"column":6}},"29":{"start":{"line":58,"column":8},"end":{"line":65,"column":9}},"30":{"start":{"line":59,"column":25},"end":{"line":59,"column":37}},"31":{"start":{"line":60,"column":12},"end":{"line":64,"column":13}},"32":{"start":{"line":61,"column":16},"end":{"line":63,"column":17}},"33":{"start":{"line":62,"column":20},"end":{"line":62,"column":46}},"34":{"start":{"line":66,"column":8},"end":{"line":66,"column":22}},"35":{"start":{"line":69,"column":4},"end":{"line":77,"column":5}},"36":{"start":{"line":70,"column":8},"end":{"line":72,"column":9}},"37":{"start":{"line":71,"column":12},"end":{"line":71,"column":29}},"38":{"start":{"line":73,"column":8},"end":{"line":73,"column":20}},"39":{"start":{"line":76,"column":8},"end":{"line":76,"column":31}},"40":{"start":{"line":79,"column":0},"end":{"line":79,"column":48}},"41":{"start":{"line":81,"column":4},"end":{"line":106,"column":6}},"42":{"start":{"line":82,"column":18},"end":{"line":82,"column":43}},"43":{"start":{"line":83,"column":8},"end":{"line":105,"column":11}},"44":{"start":{"line":85,"column":16},"end":{"line":92,"column":17}},"45":{"start":{"line":86,"column":31},"end":{"line":86,"column":44}},"46":{"start":{"line":87,"column":32},"end":{"line":87,"column":42}},"47":{"start":{"line":90,"column":20},"end":{"line":90,"column":34}},"48":{"start":{"line":91,"column":20},"end":{"line":91,"column":27}},"49":{"start":{"line":93,"column":16},"end":{"line":102,"column":17}},"50":{"start":{"line":94,"column":20},"end":{"line":94,"column":35}},"51":{"start":{"line":97,"column":20},"end":{"line":101,"column":23}},"52":{"start":{"line":98,"column":24},"end":{"line":98,"column":44}},"53":{"start":{"line":100,"column":24},"end":{"line":100,"column":43}},"54":{"start":{"line":104,"column":12},"end":{"line":104,"column":32}},"55":{"start":{"line":108,"column":0},"end":{"line":108,"column":46}}},"fnMap":{"0":{"name":"_classCallCheck","decl":{"start":{"line":3,"column":9},"end":{"line":3,"column":24}},"loc":{"start":{"line":3,"column":48},"end":{"line":7,"column":1}},"line":3},"1":{"name":"(anonymous_1)","decl":{"start":{"line":9,"column":24},"end":{"line":9,"column":25}},"loc":{"start":{"line":9,"column":36},"end":{"line":27,"column":1}},"line":9},"2":{"name":"defineProperties","decl":{"start":{"line":10,"column":13},"end":{"line":10,"column":29}},"loc":{"start":{"line":10,"column":45},"end":{"line":19,"column":5}},"line":10},"3":{"name":"(anonymous_3)","decl":{"start":{"line":20,"column":11},"end":{"line":20,"column":12}},"loc":{"start":{"line":20,"column":59},"end":{"line":26,"column":5}},"line":20},"4":{"name":"_possibleConstructorReturn","decl":{"start":{"line":28,"column":9},"end":{"line":28,"column":35}},"loc":{"start":{"line":28,"column":48},"end":{"line":35,"column":1}},"line":28},"5":{"name":"_inherits","decl":{"start":{"line":37,"column":9},"end":{"line":37,"column":18}},"loc":{"start":{"line":37,"column":41},"end":{"line":54,"column":1}},"line":37},"6":{"name":"(anonymous_6)","decl":{"start":{"line":57,"column":4},"end":{"line":57,"column":5}},"loc":{"start":{"line":57,"column":22},"end":{"line":67,"column":5}},"line":57},"7":{"name":"_toConsumableArray","decl":{"start":{"line":68,"column":9},"end":{"line":68,"column":27}},"loc":{"start":{"line":68,"column":33},"end":{"line":78,"column":1}},"line":68},"8":{"name":"_asyncToGenerator","decl":{"start":{"line":80,"column":9},"end":{"line":80,"column":26}},"loc":{"start":{"line":80,"column":31},"end":{"line":107,"column":1}},"line":80},"9":{"name":"(anonymous_9)","decl":{"start":{"line":81,"column":11},"end":{"line":81,"column":12}},"loc":{"start":{"line":81,"column":23},"end":{"line":106,"column":5}},"line":81},"10":{"name":"(anonymous_10)","decl":{"start":{"line":83,"column":27},"end":{"line":83,"column":28}},"loc":{"start":{"line":83,"column":54},"end":{"line":105,"column":9}},"line":83},"11":{"name":"step","decl":{"start":{"line":84,"column":21},"end":{"line":84,"column":25}},"loc":{"start":{"line":84,"column":36},"end":{"line":103,"column":13}},"line":84},"12":{"name":"(anonymous_12)","decl":{"start":{"line":97,"column":55},"end":{"line":97,"column":56}},"loc":{"start":{"line":97,"column":72},"end":{"line":99,"column":21}},"line":97},"13":{"name":"(anonymous_13)","decl":{"start":{"line":99,"column":23},"end":{"line":99,"column":24}},"loc":{"start":{"line":99,"column":38},"end":{"line":101,"column":21}},"line":99}},"branchMap":{"0":{"loc":{"start":{"line":4,"column":4},"end":{"line":6,"column":5}},"type":"if","locations":[{"start":{"line":4,"column":4},"end":{"line":6,"column":5}},{"start":{"line":4,"column":4},"end":{"line":6,"column":5}}],"line":4},"1":{"loc":{"start":{"line":13,"column":36},"end":{"line":13,"column":66}},"type":"binary-expr","locations":[{"start":{"line":13,"column":36},"end":{"line":13,"column":57}},{"start":{"line":13,"column":61},"end":{"line":13,"column":66}}],"line":13},"2":{"loc":{"start":{"line":15,"column":12},"end":{"line":16,"column":43}},"type":"if","locations":[{"start":{"line":15,"column":12},"end":{"line":16,"column":43}},{"start":{"line":15,"column":12},"end":{"line":16,"column":43}}],"line":15},"3":{"loc":{"start":{"line":21,"column":8},"end":{"line":22,"column":64}},"type":"if","locations":[{"start":{"line":21,"column":8},"end":{"line":22,"column":64}},{"start":{"line":21,"column":8},"end":{"line":22,"column":64}}],"line":21},"4":{"loc":{"start":{"line":23,"column":8},"end":{"line":24,"column":55}},"type":"if","locations":[{"start":{"line":23,"column":8},"end":{"line":24,"column":55}},{"start":{"line":23,"column":8},"end":{"line":24,"column":55}}],"line":23},"5":{"loc":{"start":{"line":29,"column":4},"end":{"line":31,"column":5}},"type":"if","locations":[{"start":{"line":29,"column":4},"end":{"line":31,"column":5}},{"start":{"line":29,"column":4},"end":{"line":31,"column":5}}],"line":29},"6":{"loc":{"start":{"line":32,"column":11},"end":{"line":34,"column":14}},"type":"cond-expr","locations":[{"start":{"line":33,"column":10},"end":{"line":33,"column":14}},{"start":{"line":34,"column":10},"end":{"line":34,"column":14}}],"line":32},"7":{"loc":{"start":{"line":32,"column":11},"end":{"line":32,"column":75}},"type":"binary-expr","locations":[{"start":{"line":32,"column":11},"end":{"line":32,"column":15}},{"start":{"line":32,"column":20},"end":{"line":32,"column":44}},{"start":{"line":32,"column":48},"end":{"line":32,"column":74}}],"line":32},"8":{"loc":{"start":{"line":38,"column":4},"end":{"line":41,"column":5}},"type":"if","locations":[{"start":{"line":38,"column":4},"end":{"line":41,"column":5}},{"start":{"line":38,"column":4},"end":{"line":41,"column":5}}],"line":38},"9":{"loc":{"start":{"line":38,"column":8},"end":{"line":38,"column":63}},"type":"binary-expr","locations":[{"start":{"line":38,"column":8},"end":{"line":38,"column":40}},{"start":{"line":38,"column":44},"end":{"line":38,"column":63}}],"line":38},"10":{"loc":{"start":{"line":42,"column":39},"end":{"line":42,"column":73}},"type":"binary-expr","locations":[{"start":{"line":42,"column":39},"end":{"line":42,"column":49}},{"start":{"line":42,"column":53},"end":{"line":42,"column":73}}],"line":42},"11":{"loc":{"start":{"line":50,"column":4},"end":{"line":53,"column":48}},"type":"if","locations":[{"start":{"line":50,"column":4},"end":{"line":53,"column":48}},{"start":{"line":50,"column":4},"end":{"line":53,"column":48}}],"line":50},"12":{"loc":{"start":{"line":51,"column":8},"end":{"line":53,"column":47}},"type":"cond-expr","locations":[{"start":{"line":52,"column":14},"end":{"line":52,"column":57}},{"start":{"line":53,"column":15},"end":{"line":53,"column":46}}],"line":51},"13":{"loc":{"start":{"line":56,"column":19},"end":{"line":67,"column":5}},"type":"binary-expr","locations":[{"start":{"line":56,"column":19},"end":{"line":56,"column":32}},{"start":{"line":57,"column":4},"end":{"line":67,"column":5}}],"line":56},"14":{"loc":{"start":{"line":61,"column":16},"end":{"line":63,"column":17}},"type":"if","locations":[{"start":{"line":61,"column":16},"end":{"line":63,"column":17}},{"start":{"line":61,"column":16},"end":{"line":63,"column":17}}],"line":61},"15":{"loc":{"start":{"line":69,"column":4},"end":{"line":77,"column":5}},"type":"if","locations":[{"start":{"line":69,"column":4},"end":{"line":77,"column":5}},{"start":{"line":69,"column":4},"end":{"line":77,"column":5}}],"line":69},"16":{"loc":{"start":{"line":93,"column":16},"end":{"line":102,"column":17}},"type":"if","locations":[{"start":{"line":93,"column":16},"end":{"line":102,"column":17}},{"start":{"line":93,"column":16},"end":{"line":102,"column":17}}],"line":93}},"s":{"0":1,"1":0,"2":0,"3":1,"4":1,"5":0,"6":0,"7":0,"8":0,"9":0,"10":0,"11":0,"12":1,"13":0,"14":0,"15":0,"16":0,"17":0,"18":0,"19":0,"20":0,"21":1,"22":0,"23":0,"24":0,"25":0,"26":0,"27":1,"28":1,"29":0,"30":0,"31":0,"32":0,"33":0,"34":0,"35":0,"36":0,"37":0,"38":0,"39":0,"40":1,"41":0,"42":0,"43":0,"44":0,"45":0,"46":0,"47":0,"48":0,"49":0,"50":0,"51":0,"52":0,"53":0,"54":0,"55":1},"f":{"0":0,"1":1,"2":0,"3":0,"4":0,"5":0,"6":0,"7":0,"8":0,"9":0,"10":0,"11":0,"12":0,"13":0},"b":{"0":[0,0],"1":[0,0],"2":[0,0],"3":[0,0],"4":[0,0],"5":[0,0],"6":[0,0],"7":[0,0,0],"8":[0,0],"9":[0,0],"10":[0,0],"11":[0,0],"12":[0,0],"13":[1,0],"14":[0,0],"15":[0,0],"16":[0,0]},"_coverageSchema":"332fd63041d2c1bcb487cc26dd0d5f7d97098a6c","hash":"81cdec7ddd3a163546593b2b05bf9d802608e027","contentHash":"bbef200da5c27d231dc0d8036319de88_11.4.1"}}